# JRE version: OpenJDK Runtime Environment (8.0_242-b01) (build 1.8.0_242-release-1644-b01)
# Java VM: OpenJDK 64-Bit Server VM (25.242-b01 mixed mode windows-amd64 compressed oops)
Heap:
 PSYoungGen      total 157184K, used 127516K [0x00000000e0000000, 0x00000000ecd80000, 0x0000000100000000)
  eden space 144896K, 79% used [0x00000000e0000000,0x00000000e7088ac0,0x00000000e8d80000)
  from space 12288K, 99% used [0x00000000e8d80000,0x00000000e997e7f0,0x00000000e9980000)
  to   space 15360K, 0% used [0x00000000ebe80000,0x00000000ebe80000,0x00000000ecd80000)
 ParOldGen       total 113152K, used 20797K [0x00000000a0000000, 0x00000000a6e80000, 0x00000000e0000000)
  object space 113152K, 18% used [0x00000000a0000000,0x00000000a144f490,0x00000000a6e80000)
 Metaspace       used 56813K, capacity 58636K, committed 58968K, reserved 1099776K
  class space    used 7778K, capacity 8209K, committed 8320K, reserved 1048576K
GC Heap History (10 events):
Event: 5.948 GC heap before
{Heap before GC invocations=7 (full 1):
 PSYoungGen      total 57344K, used 49152K [0x00000000e0000000, 0x00000000e7600000, 0x0000000100000000)
  eden space 49152K, 100% used [0x00000000e0000000,0x00000000e3000000,0x00000000e3000000)
  from space 8192K, 0% used [0x00000000e3000000,0x00000000e3000000,0x00000000e3800000)
  to   space 11264K, 0% used [0x00000000e6b00000,0x00000000e6b00000,0x00000000e7600000)
 ParOldGen       total 70656K, used 7591K [0x00000000a0000000, 0x00000000a4500000, 0x00000000e0000000)
  object space 70656K, 10% used [0x00000000a0000000,0x00000000a0769d08,0x00000000a4500000)
 Metaspace       used 27136K, capacity 27698K, committed 28032K, reserved 1073152K
  class space    used 3726K, capacity 3937K, committed 3968K, reserved 1048576K
Event: 5.959 GC heap after
Heap after GC invocations=7 (full 1):
 PSYoungGen      total 92160K, used 6541K [0x00000000e0000000, 0x00000000e7180000, 0x0000000100000000)
  eden space 85504K, 0% used [0x00000000e0000000,0x00000000e0000000,0x00000000e5380000)
  from space 6656K, 98% used [0x00000000e6b00000,0x00000000e7163588,0x00000000e7180000)
  to   space 11264K, 0% used [0x00000000e5b80000,0x00000000e5b80000,0x00000000e6680000)
 ParOldGen       total 70656K, used 7599K [0x00000000a0000000, 0x00000000a4500000, 0x00000000e0000000)
  object space 70656K, 10% used [0x00000000a0000000,0x00000000a076bd08,0x00000000a4500000)
 Metaspace       used 27136K, capacity 27698K, committed 28032K, reserved 1073152K
  class space    used 3726K, capacity 3937K, committed 3968K, reserved 1048576K
}
Event: 7.609 GC heap before
{Heap before GC invocations=8 (full 1):
 PSYoungGen      total 92160K, used 92045K [0x00000000e0000000, 0x00000000e7180000, 0x0000000100000000)
  eden space 85504K, 100% used [0x00000000e0000000,0x00000000e5380000,0x00000000e5380000)
  from space 6656K, 98% used [0x00000000e6b00000,0x00000000e7163588,0x00000000e7180000)
  to   space 11264K, 0% used [0x00000000e5b80000,0x00000000e5b80000,0x00000000e6680000)
 ParOldGen       total 70656K, used 7599K [0x00000000a0000000, 0x00000000a4500000, 0x00000000e0000000)
  object space 70656K, 10% used [0x00000000a0000000,0x00000000a076bd08,0x00000000a4500000)
 Metaspace       used 32517K, capacity 33154K, committed 33408K, reserved 1077248K
  class space    used 4433K, capacity 4618K, committed 4736K, reserved 1048576K
Event: 7.625 GC heap after
Heap after GC invocations=8 (full 1):
 PSYoungGen      total 104960K, used 9960K [0x00000000e0000000, 0x00000000ea500000, 0x0000000100000000)
  eden space 93696K, 0% used [0x00000000e0000000,0x00000000e0000000,0x00000000e5b80000)
  from space 11264K, 88% used [0x00000000e5b80000,0x00000000e653a320,0x00000000e6680000)
  to   space 11776K, 0% used [0x00000000e9980000,0x00000000e9980000,0x00000000ea500000)
 ParOldGen       total 70656K, used 7607K [0x00000000a0000000, 0x00000000a4500000, 0x00000000e0000000)
  object space 70656K, 10% used [0x00000000a0000000,0x00000000a076dd08,0x00000000a4500000)
 Metaspace       used 32517K, capacity 33154K, committed 33408K, reserved 1077248K
  class space    used 4433K, capacity 4618K, committed 4736K, reserved 1048576K
}
Event: 8.287 GC heap before
{Heap before GC invocations=9 (full 1):
 PSYoungGen      total 104960K, used 51684K [0x00000000e0000000, 0x00000000ea500000, 0x0000000100000000)
  eden space 93696K, 44% used [0x00000000e0000000,0x00000000e28bef18,0x00000000e5b80000)
  from space 11264K, 88% used [0x00000000e5b80000,0x00000000e653a320,0x00000000e6680000)
  to   space 11776K, 0% used [0x00000000e9980000,0x00000000e9980000,0x00000000ea500000)
 ParOldGen       total 70656K, used 7607K [0x00000000a0000000, 0x00000000a4500000, 0x00000000e0000000)
  object space 70656K, 10% used [0x00000000a0000000,0x00000000a076dd08,0x00000000a4500000)
 Metaspace       used 34593K, capacity 35378K, committed 35416K, reserved 1079296K
  class space    used 4718K, capacity 4954K, committed 4992K, reserved 1048576K
Event: 8.305 GC heap after
Heap after GC invocations=9 (full 1):
 PSYoungGen      total 156672K, used 9332K [0x00000000e0000000, 0x00000000eb500000, 0x0000000100000000)
  eden space 144896K, 0% used [0x00000000e0000000,0x00000000e0000000,0x00000000e8d80000)
  from space 11776K, 79% used [0x00000000e9980000,0x00000000ea29d0a8,0x00000000ea500000)
  to   space 12288K, 0% used [0x00000000e8d80000,0x00000000e8d80000,0x00000000e9980000)
 ParOldGen       total 70656K, used 7615K [0x00000000a0000000, 0x00000000a4500000, 0x00000000e0000000)
  object space 70656K, 10% used [0x00000000a0000000,0x00000000a076fd08,0x00000000a4500000)
 Metaspace       used 34593K, capacity 35378K, committed 35416K, reserved 1079296K
  class space    used 4718K, capacity 4954K, committed 4992K, reserved 1048576K
}
Event: 8.305 GC heap before
{Heap before GC invocations=10 (full 2):
 PSYoungGen      total 156672K, used 9332K [0x00000000e0000000, 0x00000000eb500000, 0x0000000100000000)
  eden space 144896K, 0% used [0x00000000e0000000,0x00000000e0000000,0x00000000e8d80000)
  from space 11776K, 79% used [0x00000000e9980000,0x00000000ea29d0a8,0x00000000ea500000)
  to   space 12288K, 0% used [0x00000000e8d80000,0x00000000e8d80000,0x00000000e9980000)
 ParOldGen       total 70656K, used 7615K [0x00000000a0000000, 0x00000000a4500000, 0x00000000e0000000)
  object space 70656K, 10% used [0x00000000a0000000,0x00000000a076fd08,0x00000000a4500000)
 Metaspace       used 34593K, capacity 35378K, committed 35416K, reserved 1079296K
  class space    used 4718K, capacity 4954K, committed 4992K, reserved 1048576K
Event: 8.462 GC heap after
Heap after GC invocations=10 (full 2):
 PSYoungGen      total 156672K, used 0K [0x00000000e0000000, 0x00000000eb500000, 0x0000000100000000)
  eden space 144896K, 0% used [0x00000000e0000000,0x00000000e0000000,0x00000000e8d80000)
  from space 11776K, 0% used [0x00000000e9980000,0x00000000e9980000,0x00000000ea500000)
  to   space 12288K, 0% used [0x00000000e8d80000,0x00000000e8d80000,0x00000000e9980000)
 ParOldGen       total 113152K, used 15622K [0x00000000a0000000, 0x00000000a6e80000, 0x00000000e0000000)
  object space 113152K, 13% used [0x00000000a0000000,0x00000000a0f419f8,0x00000000a6e80000)
 Metaspace       used 34593K, capacity 35378K, committed 35416K, reserved 1079296K
  class space    used 4718K, capacity 4954K, committed 4992K, reserved 1048576K
}
Event: 11.447 GC heap before
{Heap before GC invocations=11 (full 2):
 PSYoungGen      total 156672K, used 144896K [0x00000000e0000000, 0x00000000eb500000, 0x0000000100000000)
  eden space 144896K, 100% used [0x00000000e0000000,0x00000000e8d80000,0x00000000e8d80000)
  from space 11776K, 0% used [0x00000000e9980000,0x00000000e9980000,0x00000000ea500000)
  to   space 12288K, 0% used [0x00000000e8d80000,0x00000000e8d80000,0x00000000e9980000)
 ParOldGen       total 113152K, used 15622K [0x00000000a0000000, 0x00000000a6e80000, 0x00000000e0000000)
  object space 113152K, 13% used [0x00000000a0000000,0x00000000a0f419f8,0x00000000a6e80000)
 Metaspace       used 46891K, capacity 48252K, committed 48344K, reserved 1091584K
  class space    used 6301K, capacity 6624K, committed 6656K, reserved 1048576K
Event: 11.471 GC heap after
Heap after GC invocations=11 (full 2):
 PSYoungGen      total 157184K, used 12281K [0x00000000e0000000, 0x00000000ecd80000, 0x0000000100000000)
  eden space 144896K, 0% used [0x00000000e0000000,0x00000000e0000000,0x00000000e8d80000)
  from space 12288K, 99% used [0x00000000e8d80000,0x00000000e997e7f0,0x00000000e9980000)
  to   space 15360K, 0% used [0x00000000ebe80000,0x00000000ebe80000,0x00000000ecd80000)
 ParOldGen       total 113152K, used 20797K [0x00000000a0000000, 0x00000000a6e80000, 0x00000000e0000000)
  object space 113152K, 18% used [0x00000000a0000000,0x00000000a144f490,0x00000000a6e80000)
 Metaspace       used 46891K, capacity 48252K, committed 48344K, reserved 1091584K
  class space    used 6301K, capacity 6624K, committed 6656K, reserved 1048576K
}

