# JRE version: OpenJDK Runtime Environment (8.0_242-b01) (build 1.8.0_242-release-1644-b01)
# Java VM: OpenJDK 64-Bit Server VM (25.242-b01 mixed mode windows-amd64 compressed oops)
Heap:
 PSYoungGen      total 196608K, used 62832K [0x00000000e0000000, 0x00000000ed680000, 0x0000000100000000)
  eden space 183296K, 34% used [0x00000000e0000000,0x00000000e3d5c2c0,0x00000000eb300000)
  from space 13312K, 0% used [0x00000000ebc80000,0x00000000ebc80000,0x00000000ec980000)
  to   space 11264K, 0% used [0x00000000ecb80000,0x00000000ecb80000,0x00000000ed680000)
 ParOldGen       total 142848K, used 33379K [0x00000000a0000000, 0x00000000a8b80000, 0x00000000e0000000)
  object space 142848K, 23% used [0x00000000a0000000,0x00000000a2098cc8,0x00000000a8b80000)
 Metaspace       used 59775K, capacity 62194K, committed 62376K, reserved 1103872K
  class space    used 8284K, capacity 8772K, committed 8880K, reserved 1048576K
GC Heap History (10 events):
Event: 6.435 GC heap before
{Heap before GC invocations=8 (full 1):
 PSYoungGen      total 194560K, used 89185K [0x00000000e0000000, 0x00000000ed680000, 0x0000000100000000)
  eden space 183296K, 42% used [0x00000000e0000000,0x00000000e4c37970,0x00000000eb300000)
  from space 11264K, 98% used [0x00000000ecb80000,0x00000000ed660b08,0x00000000ed680000)
  to   space 13312K, 0% used [0x00000000ebc80000,0x00000000ebc80000,0x00000000ec980000)
 ParOldGen       total 65024K, used 7598K [0x00000000a0000000, 0x00000000a3f80000, 0x00000000e0000000)
  object space 65024K, 11% used [0x00000000a0000000,0x00000000a076bb20,0x00000000a3f80000)
 Metaspace       used 34507K, capacity 35386K, committed 35496K, reserved 1079296K
  class space    used 4725K, capacity 4970K, committed 5040K, reserved 1048576K
Event: 6.450 GC heap after
Heap after GC invocations=8 (full 1):
 PSYoungGen      total 196608K, used 9710K [0x00000000e0000000, 0x00000000ed680000, 0x0000000100000000)
  eden space 183296K, 0% used [0x00000000e0000000,0x00000000e0000000,0x00000000eb300000)
  from space 13312K, 72% used [0x00000000ebc80000,0x00000000ec5fba60,0x00000000ec980000)
  to   space 11264K, 0% used [0x00000000ecb80000,0x00000000ecb80000,0x00000000ed680000)
 ParOldGen       total 65024K, used 7606K [0x00000000a0000000, 0x00000000a3f80000, 0x00000000e0000000)
  object space 65024K, 11% used [0x00000000a0000000,0x00000000a076db20,0x00000000a3f80000)
 Metaspace       used 34507K, capacity 35386K, committed 35496K, reserved 1079296K
  class space    used 4725K, capacity 4970K, committed 5040K, reserved 1048576K
}
Event: 6.450 GC heap before
{Heap before GC invocations=9 (full 2):
 PSYoungGen      total 196608K, used 9710K [0x00000000e0000000, 0x00000000ed680000, 0x0000000100000000)
  eden space 183296K, 0% used [0x00000000e0000000,0x00000000e0000000,0x00000000eb300000)
  from space 13312K, 72% used [0x00000000ebc80000,0x00000000ec5fba60,0x00000000ec980000)
  to   space 11264K, 0% used [0x00000000ecb80000,0x00000000ecb80000,0x00000000ed680000)
 ParOldGen       total 65024K, used 7606K [0x00000000a0000000, 0x00000000a3f80000, 0x00000000e0000000)
  object space 65024K, 11% used [0x00000000a0000000,0x00000000a076db20,0x00000000a3f80000)
 Metaspace       used 34507K, capacity 35386K, committed 35496K, reserved 1079296K
  class space    used 4725K, capacity 4970K, committed 5040K, reserved 1048576K
Event: 6.572 GC heap after
Heap after GC invocations=9 (full 2):
 PSYoungGen      total 196608K, used 0K [0x00000000e0000000, 0x00000000ed680000, 0x0000000100000000)
  eden space 183296K, 0% used [0x00000000e0000000,0x00000000e0000000,0x00000000eb300000)
  from space 13312K, 0% used [0x00000000ebc80000,0x00000000ebc80000,0x00000000ec980000)
  to   space 11264K, 0% used [0x00000000ecb80000,0x00000000ecb80000,0x00000000ed680000)
 ParOldGen       total 94720K, used 16145K [0x00000000a0000000, 0x00000000a5c80000, 0x00000000e0000000)
  object space 94720K, 17% used [0x00000000a0000000,0x00000000a0fc47c0,0x00000000a5c80000)
 Metaspace       used 34507K, capacity 35386K, committed 35496K, reserved 1079296K
  class space    used 4725K, capacity 4970K, committed 5040K, reserved 1048576K
}
Event: 9.808 GC heap before
{Heap before GC invocations=10 (full 2):
 PSYoungGen      total 196608K, used 183296K [0x00000000e0000000, 0x00000000ed680000, 0x0000000100000000)
  eden space 183296K, 100% used [0x00000000e0000000,0x00000000eb300000,0x00000000eb300000)
  from space 13312K, 0% used [0x00000000ebc80000,0x00000000ebc80000,0x00000000ec980000)
  to   space 11264K, 0% used [0x00000000ecb80000,0x00000000ecb80000,0x00000000ed680000)
 ParOldGen       total 94720K, used 16145K [0x00000000a0000000, 0x00000000a5c80000, 0x00000000e0000000)
  object space 94720K, 17% used [0x00000000a0000000,0x00000000a0fc47c0,0x00000000a5c80000)
 Metaspace       used 49616K, capacity 51220K, committed 51368K, reserved 1093632K
  class space    used 6623K, capacity 7035K, committed 7088K, reserved 1048576K
Event: 9.832 GC heap after
Heap after GC invocations=10 (full 2):
 PSYoungGen      total 194560K, used 11260K [0x00000000e0000000, 0x00000000ed680000, 0x0000000100000000)
  eden space 183296K, 0% used [0x00000000e0000000,0x00000000e0000000,0x00000000eb300000)
  from space 11264K, 99% used [0x00000000ecb80000,0x00000000ed67f320,0x00000000ed680000)
  to   space 13312K, 0% used [0x00000000ebc80000,0x00000000ebc80000,0x00000000ec980000)
 ParOldGen       total 94720K, used 26414K [0x00000000a0000000, 0x00000000a5c80000, 0x00000000e0000000)
  object space 94720K, 27% used [0x00000000a0000000,0x00000000a19cbb08,0x00000000a5c80000)
 Metaspace       used 49616K, capacity 51220K, committed 51368K, reserved 1093632K
  class space    used 6623K, capacity 7035K, committed 7088K, reserved 1048576K
}
Event: 11.227 GC heap before
{Heap before GC invocations=11 (full 2):
 PSYoungGen      total 194560K, used 103775K [0x00000000e0000000, 0x00000000ed680000, 0x0000000100000000)
  eden space 183296K, 50% used [0x00000000e0000000,0x00000000e5a58ae0,0x00000000eb300000)
  from space 11264K, 99% used [0x00000000ecb80000,0x00000000ed67f320,0x00000000ed680000)
  to   space 13312K, 0% used [0x00000000ebc80000,0x00000000ebc80000,0x00000000ec980000)
 ParOldGen       total 94720K, used 26414K [0x00000000a0000000, 0x00000000a5c80000, 0x00000000e0000000)
  object space 94720K, 27% used [0x00000000a0000000,0x00000000a19cbb08,0x00000000a5c80000)
 Metaspace       used 57019K, capacity 59004K, committed 59160K, reserved 1099776K
  class space    used 7804K, capacity 8269K, committed 8368K, reserved 1048576K
Event: 11.248 GC heap after
Heap after GC invocations=11 (full 2):
 PSYoungGen      total 196608K, used 13301K [0x00000000e0000000, 0x00000000ed680000, 0x0000000100000000)
  eden space 183296K, 0% used [0x00000000e0000000,0x00000000e0000000,0x00000000eb300000)
  from space 13312K, 99% used [0x00000000ebc80000,0x00000000ec97d7c0,0x00000000ec980000)
  to   space 11264K, 0% used [0x00000000ecb80000,0x00000000ecb80000,0x00000000ed680000)
 ParOldGen       total 94720K, used 34007K [0x00000000a0000000, 0x00000000a5c80000, 0x00000000e0000000)
  object space 94720K, 35% used [0x00000000a0000000,0x00000000a2135e00,0x00000000a5c80000)
 Metaspace       used 57019K, capacity 59004K, committed 59160K, reserved 1099776K
  class space    used 7804K, capacity 8269K, committed 8368K, reserved 1048576K
}
Event: 11.248 GC heap before
{Heap before GC invocations=12 (full 3):
 PSYoungGen      total 196608K, used 13301K [0x00000000e0000000, 0x00000000ed680000, 0x0000000100000000)
  eden space 183296K, 0% used [0x00000000e0000000,0x00000000e0000000,0x00000000eb300000)
  from space 13312K, 99% used [0x00000000ebc80000,0x00000000ec97d7c0,0x00000000ec980000)
  to   space 11264K, 0% used [0x00000000ecb80000,0x00000000ecb80000,0x00000000ed680000)
 ParOldGen       total 94720K, used 34007K [0x00000000a0000000, 0x00000000a5c80000, 0x00000000e0000000)
  object space 94720K, 35% used [0x00000000a0000000,0x00000000a2135e00,0x00000000a5c80000)
 Metaspace       used 57019K, capacity 59004K, committed 59160K, reserved 1099776K
  class space    used 7804K, capacity 8269K, committed 8368K, reserved 1048576K
Event: 11.494 GC heap after
Heap after GC invocations=12 (full 3):
 PSYoungGen      total 196608K, used 0K [0x00000000e0000000, 0x00000000ed680000, 0x0000000100000000)
  eden space 183296K, 0% used [0x00000000e0000000,0x00000000e0000000,0x00000000eb300000)
  from space 13312K, 0% used [0x00000000ebc80000,0x00000000ebc80000,0x00000000ec980000)
  to   space 11264K, 0% used [0x00000000ecb80000,0x00000000ecb80000,0x00000000ed680000)
 ParOldGen       total 142848K, used 33379K [0x00000000a0000000, 0x00000000a8b80000, 0x00000000e0000000)
  object space 142848K, 23% used [0x00000000a0000000,0x00000000a2098cc8,0x00000000a8b80000)
 Metaspace       used 57019K, capacity 59004K, committed 59160K, reserved 1099776K
  class space    used 7804K, capacity 8269K, committed 8368K, reserved 1048576K
}

