# JRE version: OpenJDK Runtime Environment (8.0_242-b01) (build 1.8.0_242-release-1644-b01)
# Java VM: OpenJDK 64-Bit Server VM (25.242-b01 mixed mode windows-amd64 compressed oops)
Heap:
 PSYoungGen      total 249344K, used 45817K [0x00000000e0000000, 0x00000000f1980000, 0x0000000100000000)
  eden space 227840K, 10% used [0x00000000e0000000,0x00000000e17c0e80,0x00000000ede80000)
  from space 21504K, 99% used [0x00000000efa00000,0x00000000f0efd5a8,0x00000000f0f00000)
  to   space 28160K, 0% used [0x00000000ede80000,0x00000000ede80000,0x00000000efa00000)
 ParOldGen       total 162816K, used 44505K [0x00000000a0000000, 0x00000000a9f00000, 0x00000000e0000000)
  object space 162816K, 27% used [0x00000000a0000000,0x00000000a2b764c0,0x00000000a9f00000)
 Metaspace       used 73785K, capacity 76790K, committed 77096K, reserved 1116160K
  class space    used 9882K, capacity 10440K, committed 10544K, reserved 1048576K
GC Heap History (10 events):
Event: 9.084 GC heap before
{Heap before GC invocations=11 (full 2):
 PSYoungGen      total 166400K, used 153600K [0x00000000e0000000, 0x00000000eb980000, 0x0000000100000000)
  eden space 153600K, 100% used [0x00000000e0000000,0x00000000e9600000,0x00000000e9600000)
  from space 12800K, 0% used [0x00000000ea200000,0x00000000ea200000,0x00000000eae80000)
  to   space 12288K, 0% used [0x00000000e9600000,0x00000000e9600000,0x00000000ea200000)
 ParOldGen       total 106496K, used 15029K [0x00000000a0000000, 0x00000000a6800000, 0x00000000e0000000)
  object space 106496K, 14% used [0x00000000a0000000,0x00000000a0ead788,0x00000000a6800000)
 Metaspace       used 47141K, capacity 48558K, committed 48680K, reserved 1091584K
  class space    used 6344K, capacity 6685K, committed 6704K, reserved 1048576K
Event: 9.105 GC heap after
Heap after GC invocations=11 (full 2):
 PSYoungGen      total 165888K, used 12270K [0x00000000e0000000, 0x00000000ee200000, 0x0000000100000000)
  eden space 153600K, 0% used [0x00000000e0000000,0x00000000e0000000,0x00000000e9600000)
  from space 12288K, 99% used [0x00000000e9600000,0x00000000ea1fb968,0x00000000ea200000)
  to   space 16384K, 0% used [0x00000000ed200000,0x00000000ed200000,0x00000000ee200000)
 ParOldGen       total 106496K, used 21938K [0x00000000a0000000, 0x00000000a6800000, 0x00000000e0000000)
  object space 106496K, 20% used [0x00000000a0000000,0x00000000a156c958,0x00000000a6800000)
 Metaspace       used 47141K, capacity 48558K, committed 48680K, reserved 1091584K
  class space    used 6344K, capacity 6685K, committed 6704K, reserved 1048576K
}
Event: 10.968 GC heap before
{Heap before GC invocations=12 (full 2):
 PSYoungGen      total 165888K, used 132561K [0x00000000e0000000, 0x00000000ee200000, 0x0000000100000000)
  eden space 153600K, 78% used [0x00000000e0000000,0x00000000e7578df0,0x00000000e9600000)
  from space 12288K, 99% used [0x00000000e9600000,0x00000000ea1fb968,0x00000000ea200000)
  to   space 16384K, 0% used [0x00000000ed200000,0x00000000ed200000,0x00000000ee200000)
 ParOldGen       total 106496K, used 21938K [0x00000000a0000000, 0x00000000a6800000, 0x00000000e0000000)
  object space 106496K, 20% used [0x00000000a0000000,0x00000000a156c958,0x00000000a6800000)
 Metaspace       used 57160K, capacity 59076K, committed 59160K, reserved 1099776K
  class space    used 7834K, capacity 8309K, committed 8368K, reserved 1048576K
Event: 11.000 GC heap after
Heap after GC invocations=12 (full 2):
 PSYoungGen      total 210944K, used 16359K [0x00000000e0000000, 0x00000000ee780000, 0x0000000100000000)
  eden space 194560K, 0% used [0x00000000e0000000,0x00000000e0000000,0x00000000ebe00000)
  from space 16384K, 99% used [0x00000000ed200000,0x00000000ee1f9ef8,0x00000000ee200000)
  to   space 20480K, 0% used [0x00000000ebe00000,0x00000000ebe00000,0x00000000ed200000)
 ParOldGen       total 106496K, used 27844K [0x00000000a0000000, 0x00000000a6800000, 0x00000000e0000000)
  object space 106496K, 26% used [0x00000000a0000000,0x00000000a1b31128,0x00000000a6800000)
 Metaspace       used 57160K, capacity 59076K, committed 59160K, reserved 1099776K
  class space    used 7834K, capacity 8309K, committed 8368K, reserved 1048576K
}
Event: 11.000 GC heap before
{Heap before GC invocations=13 (full 3):
 PSYoungGen      total 210944K, used 16359K [0x00000000e0000000, 0x00000000ee780000, 0x0000000100000000)
  eden space 194560K, 0% used [0x00000000e0000000,0x00000000e0000000,0x00000000ebe00000)
  from space 16384K, 99% used [0x00000000ed200000,0x00000000ee1f9ef8,0x00000000ee200000)
  to   space 20480K, 0% used [0x00000000ebe00000,0x00000000ebe00000,0x00000000ed200000)
 ParOldGen       total 106496K, used 27844K [0x00000000a0000000, 0x00000000a6800000, 0x00000000e0000000)
  object space 106496K, 26% used [0x00000000a0000000,0x00000000a1b31128,0x00000000a6800000)
 Metaspace       used 57160K, capacity 59076K, committed 59160K, reserved 1099776K
  class space    used 7834K, capacity 8309K, committed 8368K, reserved 1048576K
Event: 11.286 GC heap after
Heap after GC invocations=13 (full 3):
 PSYoungGen      total 210944K, used 0K [0x00000000e0000000, 0x00000000ee780000, 0x0000000100000000)
  eden space 194560K, 0% used [0x00000000e0000000,0x00000000e0000000,0x00000000ebe00000)
  from space 16384K, 0% used [0x00000000ed200000,0x00000000ed200000,0x00000000ee200000)
  to   space 20480K, 0% used [0x00000000ebe00000,0x00000000ebe00000,0x00000000ed200000)
 ParOldGen       total 162816K, used 34122K [0x00000000a0000000, 0x00000000a9f00000, 0x00000000e0000000)
  object space 162816K, 20% used [0x00000000a0000000,0x00000000a2152b90,0x00000000a9f00000)
 Metaspace       used 57149K, capacity 59040K, committed 59160K, reserved 1099776K
  class space    used 7831K, capacity 8303K, committed 8368K, reserved 1048576K
}
Event: 15.283 GC heap before
{Heap before GC invocations=14 (full 3):
 PSYoungGen      total 210944K, used 194560K [0x00000000e0000000, 0x00000000ee780000, 0x0000000100000000)
  eden space 194560K, 100% used [0x00000000e0000000,0x00000000ebe00000,0x00000000ebe00000)
  from space 16384K, 0% used [0x00000000ed200000,0x00000000ed200000,0x00000000ee200000)
  to   space 20480K, 0% used [0x00000000ebe00000,0x00000000ebe00000,0x00000000ed200000)
 ParOldGen       total 162816K, used 34122K [0x00000000a0000000, 0x00000000a9f00000, 0x00000000e0000000)
  object space 162816K, 20% used [0x00000000a0000000,0x00000000a2152b90,0x00000000a9f00000)
 Metaspace       used 63136K, capacity 65850K, committed 66088K, reserved 1105920K
  class space    used 8670K, capacity 9228K, committed 9264K, reserved 1048576K
Event: 15.313 GC heap after
Heap after GC invocations=14 (full 3):
 PSYoungGen      total 215040K, used 15444K [0x00000000e0000000, 0x00000000f0f00000, 0x0000000100000000)
  eden space 194560K, 0% used [0x00000000e0000000,0x00000000e0000000,0x00000000ebe00000)
  from space 20480K, 75% used [0x00000000ebe00000,0x00000000ecd15000,0x00000000ed200000)
  to   space 21504K, 0% used [0x00000000efa00000,0x00000000efa00000,0x00000000f0f00000)
 ParOldGen       total 162816K, used 34130K [0x00000000a0000000, 0x00000000a9f00000, 0x00000000e0000000)
  object space 162816K, 20% used [0x00000000a0000000,0x00000000a2154b90,0x00000000a9f00000)
 Metaspace       used 63136K, capacity 65850K, committed 66088K, reserved 1105920K
  class space    used 8670K, capacity 9228K, committed 9264K, reserved 1048576K
}
Event: 21.270 GC heap before
{Heap before GC invocations=15 (full 3):
 PSYoungGen      total 215040K, used 210004K [0x00000000e0000000, 0x00000000f0f00000, 0x0000000100000000)
  eden space 194560K, 100% used [0x00000000e0000000,0x00000000ebe00000,0x00000000ebe00000)
  from space 20480K, 75% used [0x00000000ebe00000,0x00000000ecd15000,0x00000000ed200000)
  to   space 21504K, 0% used [0x00000000efa00000,0x00000000efa00000,0x00000000f0f00000)
 ParOldGen       total 162816K, used 34130K [0x00000000a0000000, 0x00000000a9f00000, 0x00000000e0000000)
  object space 162816K, 20% used [0x00000000a0000000,0x00000000a2154b90,0x00000000a9f00000)
 Metaspace       used 72510K, capacity 75504K, committed 75688K, reserved 1114112K
  class space    used 9794K, capacity 10375K, committed 10416K, reserved 1048576K
Event: 21.344 GC heap after
Heap after GC invocations=15 (full 3):
 PSYoungGen      total 249344K, used 21493K [0x00000000e0000000, 0x00000000f1980000, 0x0000000100000000)
  eden space 227840K, 0% used [0x00000000e0000000,0x00000000e0000000,0x00000000ede80000)
  from space 21504K, 99% used [0x00000000efa00000,0x00000000f0efd5a8,0x00000000f0f00000)
  to   space 28160K, 0% used [0x00000000ede80000,0x00000000ede80000,0x00000000efa00000)
 ParOldGen       total 162816K, used 44505K [0x00000000a0000000, 0x00000000a9f00000, 0x00000000e0000000)
  object space 162816K, 27% used [0x00000000a0000000,0x00000000a2b764c0,0x00000000a9f00000)
 Metaspace       used 72510K, capacity 75504K, committed 75688K, reserved 1114112K
  class space    used 9794K, capacity 10375K, committed 10416K, reserved 1048576K
}

