# JRE version: OpenJDK Runtime Environment (8.0_242-b01) (build 1.8.0_242-release-1644-b01)
# Java VM: OpenJDK 64-Bit Server VM (25.242-b01 mixed mode windows-amd64 compressed oops)
Heap:
 PSYoungGen      total 217600K, used 71485K [0x00000000e0000000, 0x00000000eea80000, 0x0000000100000000)
  eden space 197632K, 26% used [0x00000000e0000000,0x00000000e3256930,0x00000000ec100000)
  from space 19968K, 99% used [0x00000000ec100000,0x00000000ed478e68,0x00000000ed480000)
  to   space 15872K, 0% used [0x00000000ed480000,0x00000000ed480000,0x00000000ee400000)
 ParOldGen       total 102400K, used 34654K [0x00000000a0000000, 0x00000000a6400000, 0x00000000e0000000)
  object space 102400K, 33% used [0x00000000a0000000,0x00000000a21d7870,0x00000000a6400000)
 Metaspace       used 65605K, capacity 68144K, committed 68312K, reserved 1107968K
  class space    used 8873K, capacity 9407K, committed 9472K, reserved 1048576K
GC Heap History (10 events):
Event: 6.788 GC heap before
{Heap before GC invocations=10 (full 2):
 PSYoungGen      total 167424K, used 9221K [0x00000000e0000000, 0x00000000eba80000, 0x0000000100000000)
  eden space 155136K, 0% used [0x00000000e0000000,0x00000000e0000000,0x00000000e9780000)
  from space 12288K, 75% used [0x00000000ea380000,0x00000000eac81630,0x00000000eaf80000)
  to   space 12288K, 0% used [0x00000000e9780000,0x00000000e9780000,0x00000000ea380000)
 ParOldGen       total 68096K, used 7524K [0x00000000a0000000, 0x00000000a4280000, 0x00000000e0000000)
  object space 68096K, 11% used [0x00000000a0000000,0x00000000a07591e0,0x00000000a4280000)
 Metaspace       used 34573K, capacity 35378K, committed 35416K, reserved 1079296K
  class space    used 4718K, capacity 4954K, committed 4992K, reserved 1048576K
Event: 6.910 GC heap after
Heap after GC invocations=10 (full 2):
 PSYoungGen      total 167424K, used 0K [0x00000000e0000000, 0x00000000eba80000, 0x0000000100000000)
  eden space 155136K, 0% used [0x00000000e0000000,0x00000000e0000000,0x00000000e9780000)
  from space 12288K, 0% used [0x00000000ea380000,0x00000000ea380000,0x00000000eaf80000)
  to   space 12288K, 0% used [0x00000000e9780000,0x00000000e9780000,0x00000000ea380000)
 ParOldGen       total 102400K, used 15514K [0x00000000a0000000, 0x00000000a6400000, 0x00000000e0000000)
  object space 102400K, 15% used [0x00000000a0000000,0x00000000a0f26a10,0x00000000a6400000)
 Metaspace       used 34573K, capacity 35378K, committed 35416K, reserved 1079296K
  class space    used 4718K, capacity 4954K, committed 4992K, reserved 1048576K
}
Event: 9.104 GC heap before
{Heap before GC invocations=11 (full 2):
 PSYoungGen      total 167424K, used 155136K [0x00000000e0000000, 0x00000000eba80000, 0x0000000100000000)
  eden space 155136K, 100% used [0x00000000e0000000,0x00000000e9780000,0x00000000e9780000)
  from space 12288K, 0% used [0x00000000ea380000,0x00000000ea380000,0x00000000eaf80000)
  to   space 12288K, 0% used [0x00000000e9780000,0x00000000e9780000,0x00000000ea380000)
 ParOldGen       total 102400K, used 15514K [0x00000000a0000000, 0x00000000a6400000, 0x00000000e0000000)
  object space 102400K, 15% used [0x00000000a0000000,0x00000000a0f26a10,0x00000000a6400000)
 Metaspace       used 48182K, capacity 49572K, committed 49880K, reserved 1091584K
  class space    used 6451K, capacity 6804K, committed 6912K, reserved 1048576K
Event: 9.127 GC heap after
Heap after GC invocations=11 (full 2):
 PSYoungGen      total 167424K, used 12283K [0x00000000e0000000, 0x00000000ee400000, 0x0000000100000000)
  eden space 155136K, 0% used [0x00000000e0000000,0x00000000e0000000,0x00000000e9780000)
  from space 12288K, 99% used [0x00000000e9780000,0x00000000ea37ee70,0x00000000ea380000)
  to   space 15872K, 0% used [0x00000000ed480000,0x00000000ed480000,0x00000000ee400000)
 ParOldGen       total 102400K, used 21515K [0x00000000a0000000, 0x00000000a6400000, 0x00000000e0000000)
  object space 102400K, 21% used [0x00000000a0000000,0x00000000a1502da0,0x00000000a6400000)
 Metaspace       used 48182K, capacity 49572K, committed 49880K, reserved 1091584K
  class space    used 6451K, capacity 6804K, committed 6912K, reserved 1048576K
}
Event: 11.134 GC heap before
{Heap before GC invocations=12 (full 2):
 PSYoungGen      total 167424K, used 127276K [0x00000000e0000000, 0x00000000ee400000, 0x0000000100000000)
  eden space 155136K, 74% used [0x00000000e0000000,0x00000000e704c4d0,0x00000000e9780000)
  from space 12288K, 99% used [0x00000000e9780000,0x00000000ea37ee70,0x00000000ea380000)
  to   space 15872K, 0% used [0x00000000ed480000,0x00000000ed480000,0x00000000ee400000)
 ParOldGen       total 102400K, used 21515K [0x00000000a0000000, 0x00000000a6400000, 0x00000000e0000000)
  object space 102400K, 21% used [0x00000000a0000000,0x00000000a1502da0,0x00000000a6400000)
 Metaspace       used 57078K, capacity 58892K, committed 58968K, reserved 1099776K
  class space    used 7819K, capacity 8253K, committed 8320K, reserved 1048576K
Event: 11.172 GC heap after
Heap after GC invocations=12 (full 2):
 PSYoungGen      total 213504K, used 15859K [0x00000000e0000000, 0x00000000eea80000, 0x0000000100000000)
  eden space 197632K, 0% used [0x00000000e0000000,0x00000000e0000000,0x00000000ec100000)
  from space 15872K, 99% used [0x00000000ed480000,0x00000000ee3fccb0,0x00000000ee400000)
  to   space 19968K, 0% used [0x00000000ec100000,0x00000000ec100000,0x00000000ed480000)
 ParOldGen       total 102400K, used 27425K [0x00000000a0000000, 0x00000000a6400000, 0x00000000e0000000)
  object space 102400K, 26% used [0x00000000a0000000,0x00000000a1ac8410,0x00000000a6400000)
 Metaspace       used 57078K, capacity 58892K, committed 58968K, reserved 1099776K
  class space    used 7819K, capacity 8253K, committed 8320K, reserved 1048576K
}
Event: 11.172 GC heap before
{Heap before GC invocations=13 (full 3):
 PSYoungGen      total 213504K, used 15859K [0x00000000e0000000, 0x00000000eea80000, 0x0000000100000000)
  eden space 197632K, 0% used [0x00000000e0000000,0x00000000e0000000,0x00000000ec100000)
  from space 15872K, 99% used [0x00000000ed480000,0x00000000ee3fccb0,0x00000000ee400000)
  to   space 19968K, 0% used [0x00000000ec100000,0x00000000ec100000,0x00000000ed480000)
 ParOldGen       total 102400K, used 27425K [0x00000000a0000000, 0x00000000a6400000, 0x00000000e0000000)
  object space 102400K, 26% used [0x00000000a0000000,0x00000000a1ac8410,0x00000000a6400000)
 Metaspace       used 57078K, capacity 58892K, committed 58968K, reserved 1099776K
  class space    used 7819K, capacity 8253K, committed 8320K, reserved 1048576K
Event: 11.432 GC heap after
Heap after GC invocations=13 (full 3):
 PSYoungGen      total 213504K, used 0K [0x00000000e0000000, 0x00000000eea80000, 0x0000000100000000)
  eden space 197632K, 0% used [0x00000000e0000000,0x00000000e0000000,0x00000000ec100000)
  from space 15872K, 0% used [0x00000000ed480000,0x00000000ed480000,0x00000000ee400000)
  to   space 19968K, 0% used [0x00000000ec100000,0x00000000ec100000,0x00000000ed480000)
 ParOldGen       total 102400K, used 34121K [0x00000000a0000000, 0x00000000a6400000, 0x00000000e0000000)
  object space 102400K, 33% used [0x00000000a0000000,0x00000000a2152440,0x00000000a6400000)
 Metaspace       used 57066K, capacity 58850K, committed 58968K, reserved 1099776K
  class space    used 7815K, capacity 8246K, committed 8320K, reserved 1048576K
}
Event: 18.235 GC heap before
{Heap before GC invocations=14 (full 3):
 PSYoungGen      total 213504K, used 197632K [0x00000000e0000000, 0x00000000eea80000, 0x0000000100000000)
  eden space 197632K, 100% used [0x00000000e0000000,0x00000000ec100000,0x00000000ec100000)
  from space 15872K, 0% used [0x00000000ed480000,0x00000000ed480000,0x00000000ee400000)
  to   space 19968K, 0% used [0x00000000ec100000,0x00000000ec100000,0x00000000ed480000)
 ParOldGen       total 102400K, used 34121K [0x00000000a0000000, 0x00000000a6400000, 0x00000000e0000000)
  object space 102400K, 33% used [0x00000000a0000000,0x00000000a2152440,0x00000000a6400000)
 Metaspace       used 62568K, capacity 65092K, committed 65240K, reserved 1105920K
  class space    used 8580K, capacity 9121K, committed 9216K, reserved 1048576K
Event: 18.265 GC heap after
Heap after GC invocations=14 (full 3):
 PSYoungGen      total 217600K, used 19939K [0x00000000e0000000, 0x00000000eea80000, 0x0000000100000000)
  eden space 197632K, 0% used [0x00000000e0000000,0x00000000e0000000,0x00000000ec100000)
  from space 19968K, 99% used [0x00000000ec100000,0x00000000ed478e68,0x00000000ed480000)
  to   space 15872K, 0% used [0x00000000ed480000,0x00000000ed480000,0x00000000ee400000)
 ParOldGen       total 102400K, used 34654K [0x00000000a0000000, 0x00000000a6400000, 0x00000000e0000000)
  object space 102400K, 33% used [0x00000000a0000000,0x00000000a21d7870,0x00000000a6400000)
 Metaspace       used 62568K, capacity 65092K, committed 65240K, reserved 1105920K
  class space    used 8580K, capacity 9121K, committed 9216K, reserved 1048576K
}

