# JRE version: OpenJDK Runtime Environment (8.0_242-b01) (build 1.8.0_242-release-1644-b01)
# Java VM: OpenJDK 64-Bit Server VM (25.242-b01 mixed mode windows-amd64 compressed oops)
Heap:
 PSYoungGen      total 300032K, used 229665K [0x00000000e0000000, 0x00000000f4580000, 0x0000000100000000)
  eden space 281088K, 81% used [0x00000000e0000000,0x00000000ee0487e0,0x00000000f1280000)
  from space 18944K, 0% used [0x00000000f2080000,0x00000000f2080000,0x00000000f3300000)
  to   space 13312K, 0% used [0x00000000f3880000,0x00000000f3880000,0x00000000f4580000)
 ParOldGen       total 108032K, used 32594K [0x00000000a0000000, 0x00000000a6980000, 0x00000000e0000000)
  object space 108032K, 30% used [0x00000000a0000000,0x00000000a1fd48c8,0x00000000a6980000)
 Metaspace       used 67180K, capacity 69938K, committed 70184K, reserved 1110016K
  class space    used 9099K, capacity 9674K, committed 9776K, reserved 1048576K
GC Heap History (10 events):
Event: 6.568 GC heap before
{Heap before GC invocations=8 (full 1):
 PSYoungGen      total 185856K, used 87176K [0x00000000e0000000, 0x00000000ed680000, 0x0000000100000000)
  eden space 174592K, 43% used [0x00000000e0000000,0x00000000e4a43e00,0x00000000eaa80000)
  from space 11264K, 98% used [0x00000000ecb80000,0x00000000ed65e540,0x00000000ed680000)
  to   space 12800K, 0% used [0x00000000ebd80000,0x00000000ebd80000,0x00000000eca00000)
 ParOldGen       total 69120K, used 7782K [0x00000000a0000000, 0x00000000a4380000, 0x00000000e0000000)
  object space 69120K, 11% used [0x00000000a0000000,0x00000000a0799bd8,0x00000000a4380000)
 Metaspace       used 34543K, capacity 35386K, committed 35496K, reserved 1079296K
  class space    used 4734K, capacity 4970K, committed 5040K, reserved 1048576K
Event: 6.584 GC heap after
Heap after GC invocations=8 (full 1):
 PSYoungGen      total 206848K, used 9644K [0x00000000e0000000, 0x00000000f4580000, 0x0000000100000000)
  eden space 194048K, 0% used [0x00000000e0000000,0x00000000e0000000,0x00000000ebd80000)
  from space 12800K, 75% used [0x00000000ebd80000,0x00000000ec6eb3b0,0x00000000eca00000)
  to   space 13312K, 0% used [0x00000000f3880000,0x00000000f3880000,0x00000000f4580000)
 ParOldGen       total 69120K, used 7790K [0x00000000a0000000, 0x00000000a4380000, 0x00000000e0000000)
  object space 69120K, 11% used [0x00000000a0000000,0x00000000a079bbd8,0x00000000a4380000)
 Metaspace       used 34543K, capacity 35386K, committed 35496K, reserved 1079296K
  class space    used 4734K, capacity 4970K, committed 5040K, reserved 1048576K
}
Event: 6.584 GC heap before
{Heap before GC invocations=9 (full 2):
 PSYoungGen      total 206848K, used 9644K [0x00000000e0000000, 0x00000000f4580000, 0x0000000100000000)
  eden space 194048K, 0% used [0x00000000e0000000,0x00000000e0000000,0x00000000ebd80000)
  from space 12800K, 75% used [0x00000000ebd80000,0x00000000ec6eb3b0,0x00000000eca00000)
  to   space 13312K, 0% used [0x00000000f3880000,0x00000000f3880000,0x00000000f4580000)
 ParOldGen       total 69120K, used 7790K [0x00000000a0000000, 0x00000000a4380000, 0x00000000e0000000)
  object space 69120K, 11% used [0x00000000a0000000,0x00000000a079bbd8,0x00000000a4380000)
 Metaspace       used 34543K, capacity 35386K, committed 35496K, reserved 1079296K
  class space    used 4734K, capacity 4970K, committed 5040K, reserved 1048576K
Event: 6.702 GC heap after
Heap after GC invocations=9 (full 2):
 PSYoungGen      total 206848K, used 0K [0x00000000e0000000, 0x00000000f4580000, 0x0000000100000000)
  eden space 194048K, 0% used [0x00000000e0000000,0x00000000e0000000,0x00000000ebd80000)
  from space 12800K, 0% used [0x00000000ebd80000,0x00000000ebd80000,0x00000000eca00000)
  to   space 13312K, 0% used [0x00000000f3880000,0x00000000f3880000,0x00000000f4580000)
 ParOldGen       total 108032K, used 16125K [0x00000000a0000000, 0x00000000a6980000, 0x00000000e0000000)
  object space 108032K, 14% used [0x00000000a0000000,0x00000000a0fbf7b8,0x00000000a6980000)
 Metaspace       used 34543K, capacity 35386K, committed 35496K, reserved 1079296K
  class space    used 4734K, capacity 4970K, committed 5040K, reserved 1048576K
}
Event: 9.653 GC heap before
{Heap before GC invocations=10 (full 2):
 PSYoungGen      total 206848K, used 194048K [0x00000000e0000000, 0x00000000f4580000, 0x0000000100000000)
  eden space 194048K, 100% used [0x00000000e0000000,0x00000000ebd80000,0x00000000ebd80000)
  from space 12800K, 0% used [0x00000000ebd80000,0x00000000ebd80000,0x00000000eca00000)
  to   space 13312K, 0% used [0x00000000f3880000,0x00000000f3880000,0x00000000f4580000)
 ParOldGen       total 108032K, used 16125K [0x00000000a0000000, 0x00000000a6980000, 0x00000000e0000000)
  object space 108032K, 14% used [0x00000000a0000000,0x00000000a0fbf7b8,0x00000000a6980000)
 Metaspace       used 50352K, capacity 51974K, committed 52264K, reserved 1093632K
  class space    used 6738K, capacity 7122K, committed 7216K, reserved 1048576K
Event: 9.692 GC heap after
Heap after GC invocations=10 (full 2):
 PSYoungGen      total 294400K, used 13288K [0x00000000e0000000, 0x00000000f4580000, 0x0000000100000000)
  eden space 281088K, 0% used [0x00000000e0000000,0x00000000e0000000,0x00000000f1280000)
  from space 13312K, 99% used [0x00000000f3880000,0x00000000f457a0d8,0x00000000f4580000)
  to   space 18944K, 0% used [0x00000000f2080000,0x00000000f2080000,0x00000000f3300000)
 ParOldGen       total 108032K, used 25572K [0x00000000a0000000, 0x00000000a6980000, 0x00000000e0000000)
  object space 108032K, 23% used [0x00000000a0000000,0x00000000a18f9070,0x00000000a6980000)
 Metaspace       used 50352K, capacity 51974K, committed 52264K, reserved 1093632K
  class space    used 6738K, capacity 7122K, committed 7216K, reserved 1048576K
}
Event: 11.690 GC heap before
{Heap before GC invocations=11 (full 2):
 PSYoungGen      total 294400K, used 99234K [0x00000000e0000000, 0x00000000f4580000, 0x0000000100000000)
  eden space 281088K, 30% used [0x00000000e0000000,0x00000000e53ee8d8,0x00000000f1280000)
  from space 13312K, 99% used [0x00000000f3880000,0x00000000f457a0d8,0x00000000f4580000)
  to   space 18944K, 0% used [0x00000000f2080000,0x00000000f2080000,0x00000000f3300000)
 ParOldGen       total 108032K, used 25572K [0x00000000a0000000, 0x00000000a6980000, 0x00000000e0000000)
  object space 108032K, 23% used [0x00000000a0000000,0x00000000a18f9070,0x00000000a6980000)
 Metaspace       used 57058K, capacity 59034K, committed 59160K, reserved 1099776K
  class space    used 7817K, capacity 8276K, committed 8368K, reserved 1048576K
Event: 11.715 GC heap after
Heap after GC invocations=11 (full 2):
 PSYoungGen      total 300032K, used 18935K [0x00000000e0000000, 0x00000000f4580000, 0x0000000100000000)
  eden space 281088K, 0% used [0x00000000e0000000,0x00000000e0000000,0x00000000f1280000)
  from space 18944K, 99% used [0x00000000f2080000,0x00000000f32fde10,0x00000000f3300000)
  to   space 13312K, 0% used [0x00000000f3880000,0x00000000f3880000,0x00000000f4580000)
 ParOldGen       total 108032K, used 27370K [0x00000000a0000000, 0x00000000a6980000, 0x00000000e0000000)
  object space 108032K, 25% used [0x00000000a0000000,0x00000000a1abab38,0x00000000a6980000)
 Metaspace       used 57058K, capacity 59034K, committed 59160K, reserved 1099776K
  class space    used 7817K, capacity 8276K, committed 8368K, reserved 1048576K
}
Event: 11.715 GC heap before
{Heap before GC invocations=12 (full 3):
 PSYoungGen      total 300032K, used 18935K [0x00000000e0000000, 0x00000000f4580000, 0x0000000100000000)
  eden space 281088K, 0% used [0x00000000e0000000,0x00000000e0000000,0x00000000f1280000)
  from space 18944K, 99% used [0x00000000f2080000,0x00000000f32fde10,0x00000000f3300000)
  to   space 13312K, 0% used [0x00000000f3880000,0x00000000f3880000,0x00000000f4580000)
 ParOldGen       total 108032K, used 27370K [0x00000000a0000000, 0x00000000a6980000, 0x00000000e0000000)
  object space 108032K, 25% used [0x00000000a0000000,0x00000000a1abab38,0x00000000a6980000)
 Metaspace       used 57058K, capacity 59034K, committed 59160K, reserved 1099776K
  class space    used 7817K, capacity 8276K, committed 8368K, reserved 1048576K
Event: 11.988 GC heap after
Heap after GC invocations=12 (full 3):
 PSYoungGen      total 300032K, used 0K [0x00000000e0000000, 0x00000000f4580000, 0x0000000100000000)
  eden space 281088K, 0% used [0x00000000e0000000,0x00000000e0000000,0x00000000f1280000)
  from space 18944K, 0% used [0x00000000f2080000,0x00000000f2080000,0x00000000f3300000)
  to   space 13312K, 0% used [0x00000000f3880000,0x00000000f3880000,0x00000000f4580000)
 ParOldGen       total 108032K, used 32594K [0x00000000a0000000, 0x00000000a6980000, 0x00000000e0000000)
  object space 108032K, 30% used [0x00000000a0000000,0x00000000a1fd48c8,0x00000000a6980000)
 Metaspace       used 57049K, capacity 59004K, committed 59160K, reserved 1099776K
  class space    used 7815K, capacity 8271K, committed 8368K, reserved 1048576K
}

