# JRE version: OpenJDK Runtime Environment (8.0_242-b01) (build 1.8.0_242-release-1644-b01)
# Java VM: OpenJDK 64-Bit Server VM (25.242-b01 mixed mode windows-amd64 compressed oops)
Heap:
 PSYoungGen      total 167936K, used 93010K [0x00000000e0000000, 0x00000000ec100000, 0x0000000100000000)
  eden space 154112K, 51% used [0x00000000e0000000,0x00000000e4d58c90,0x00000000e9680000)
  from space 13824K, 99% used [0x00000000ea600000,0x00000000eb37beb0,0x00000000eb380000)
  to   space 11264K, 0% used [0x00000000eb600000,0x00000000eb600000,0x00000000ec100000)
 ParOldGen       total 91648K, used 37047K [0x00000000a0000000, 0x00000000a5980000, 0x00000000e0000000)
  object space 91648K, 40% used [0x00000000a0000000,0x00000000a242dc90,0x00000000a5980000)
 Metaspace       used 65590K, capacity 68322K, committed 68648K, reserved 1107968K
  class space    used 8874K, capacity 9452K, committed 9520K, reserved 1048576K
GC Heap History (10 events):
Event: 13.354 GC heap before
{Heap before GC invocations=10 (full 2):
 PSYoungGen      total 106496K, used 93184K [0x00000000e0000000, 0x00000000ec300000, 0x0000000100000000)
  eden space 93184K, 100% used [0x00000000e0000000,0x00000000e5b00000,0x00000000e5b00000)
  from space 13312K, 0% used [0x00000000e5b00000,0x00000000e5b00000,0x00000000e6800000)
  to   space 13312K, 0% used [0x00000000eb600000,0x00000000eb600000,0x00000000ec300000)
 ParOldGen       total 91648K, used 16739K [0x00000000a0000000, 0x00000000a5980000, 0x00000000e0000000)
  object space 91648K, 18% used [0x00000000a0000000,0x00000000a1058fd8,0x00000000a5980000)
 Metaspace       used 42809K, capacity 44086K, committed 44328K, reserved 1087488K
  class space    used 5769K, capacity 6093K, committed 6192K, reserved 1048576K
Event: 13.374 GC heap after
Heap after GC invocations=10 (full 2):
 PSYoungGen      total 165376K, used 11089K [0x00000000e0000000, 0x00000000ec100000, 0x0000000100000000)
  eden space 154112K, 0% used [0x00000000e0000000,0x00000000e0000000,0x00000000e9680000)
  from space 11264K, 98% used [0x00000000eb600000,0x00000000ec0d4568,0x00000000ec100000)
  to   space 13824K, 0% used [0x00000000ea600000,0x00000000ea600000,0x00000000eb380000)
 ParOldGen       total 91648K, used 16747K [0x00000000a0000000, 0x00000000a5980000, 0x00000000e0000000)
  object space 91648K, 18% used [0x00000000a0000000,0x00000000a105afd8,0x00000000a5980000)
 Metaspace       used 42809K, capacity 44086K, committed 44328K, reserved 1087488K
  class space    used 5769K, capacity 6093K, committed 6192K, reserved 1048576K
}
Event: 16.381 GC heap before
{Heap before GC invocations=11 (full 2):
 PSYoungGen      total 165376K, used 165201K [0x00000000e0000000, 0x00000000ec100000, 0x0000000100000000)
  eden space 154112K, 100% used [0x00000000e0000000,0x00000000e9680000,0x00000000e9680000)
  from space 11264K, 98% used [0x00000000eb600000,0x00000000ec0d4568,0x00000000ec100000)
  to   space 13824K, 0% used [0x00000000ea600000,0x00000000ea600000,0x00000000eb380000)
 ParOldGen       total 91648K, used 16747K [0x00000000a0000000, 0x00000000a5980000, 0x00000000e0000000)
  object space 91648K, 18% used [0x00000000a0000000,0x00000000a105afd8,0x00000000a5980000)
 Metaspace       used 55244K, capacity 57218K, committed 57384K, reserved 1099776K
  class space    used 7525K, capacity 7966K, committed 7984K, reserved 1048576K
Event: 16.453 GC heap after
Heap after GC invocations=11 (full 2):
 PSYoungGen      total 167936K, used 13820K [0x00000000e0000000, 0x00000000ec100000, 0x0000000100000000)
  eden space 154112K, 0% used [0x00000000e0000000,0x00000000e0000000,0x00000000e9680000)
  from space 13824K, 99% used [0x00000000ea600000,0x00000000eb37f320,0x00000000eb380000)
  to   space 11264K, 0% used [0x00000000eb600000,0x00000000eb600000,0x00000000ec100000)
 ParOldGen       total 91648K, used 25881K [0x00000000a0000000, 0x00000000a5980000, 0x00000000e0000000)
  object space 91648K, 28% used [0x00000000a0000000,0x00000000a1946418,0x00000000a5980000)
 Metaspace       used 55244K, capacity 57218K, committed 57384K, reserved 1099776K
  class space    used 7525K, capacity 7966K, committed 7984K, reserved 1048576K
}
Event: 16.942 GC heap before
{Heap before GC invocations=12 (full 2):
 PSYoungGen      total 167936K, used 36714K [0x00000000e0000000, 0x00000000ec100000, 0x0000000100000000)
  eden space 154112K, 14% used [0x00000000e0000000,0x00000000e165b778,0x00000000e9680000)
  from space 13824K, 99% used [0x00000000ea600000,0x00000000eb37f320,0x00000000eb380000)
  to   space 11264K, 0% used [0x00000000eb600000,0x00000000eb600000,0x00000000ec100000)
 ParOldGen       total 91648K, used 25881K [0x00000000a0000000, 0x00000000a5980000, 0x00000000e0000000)
  object space 91648K, 28% used [0x00000000a0000000,0x00000000a1946418,0x00000000a5980000)
 Metaspace       used 57037K, capacity 59012K, committed 59160K, reserved 1099776K
  class space    used 7810K, capacity 8271K, committed 8368K, reserved 1048576K
Event: 16.972 GC heap after
Heap after GC invocations=12 (full 2):
 PSYoungGen      total 165376K, used 11250K [0x00000000e0000000, 0x00000000ec100000, 0x0000000100000000)
  eden space 154112K, 0% used [0x00000000e0000000,0x00000000e0000000,0x00000000e9680000)
  from space 11264K, 99% used [0x00000000eb600000,0x00000000ec0fca78,0x00000000ec100000)
  to   space 13824K, 0% used [0x00000000ea600000,0x00000000ea600000,0x00000000eb380000)
 ParOldGen       total 91648K, used 30650K [0x00000000a0000000, 0x00000000a5980000, 0x00000000e0000000)
  object space 91648K, 33% used [0x00000000a0000000,0x00000000a1dee9b0,0x00000000a5980000)
 Metaspace       used 57037K, capacity 59012K, committed 59160K, reserved 1099776K
  class space    used 7810K, capacity 8271K, committed 8368K, reserved 1048576K
}
Event: 16.972 GC heap before
{Heap before GC invocations=13 (full 3):
 PSYoungGen      total 165376K, used 11250K [0x00000000e0000000, 0x00000000ec100000, 0x0000000100000000)
  eden space 154112K, 0% used [0x00000000e0000000,0x00000000e0000000,0x00000000e9680000)
  from space 11264K, 99% used [0x00000000eb600000,0x00000000ec0fca78,0x00000000ec100000)
  to   space 13824K, 0% used [0x00000000ea600000,0x00000000ea600000,0x00000000eb380000)
 ParOldGen       total 91648K, used 30650K [0x00000000a0000000, 0x00000000a5980000, 0x00000000e0000000)
  object space 91648K, 33% used [0x00000000a0000000,0x00000000a1dee9b0,0x00000000a5980000)
 Metaspace       used 57037K, capacity 59012K, committed 59160K, reserved 1099776K
  class space    used 7810K, capacity 8271K, committed 8368K, reserved 1048576K
Event: 17.228 GC heap after
Heap after GC invocations=13 (full 3):
 PSYoungGen      total 165376K, used 0K [0x00000000e0000000, 0x00000000ec100000, 0x0000000100000000)
  eden space 154112K, 0% used [0x00000000e0000000,0x00000000e0000000,0x00000000e9680000)
  from space 11264K, 0% used [0x00000000eb600000,0x00000000eb600000,0x00000000ec100000)
  to   space 13824K, 0% used [0x00000000ea600000,0x00000000ea600000,0x00000000eb380000)
 ParOldGen       total 91648K, used 36802K [0x00000000a0000000, 0x00000000a5980000, 0x00000000e0000000)
  object space 91648K, 40% used [0x00000000a0000000,0x00000000a23f0a30,0x00000000a5980000)
 Metaspace       used 57037K, capacity 59012K, committed 59160K, reserved 1099776K
  class space    used 7810K, capacity 8271K, committed 8368K, reserved 1048576K
}
Event: 21.016 GC heap before
{Heap before GC invocations=14 (full 3):
 PSYoungGen      total 165376K, used 154112K [0x00000000e0000000, 0x00000000ec100000, 0x0000000100000000)
  eden space 154112K, 100% used [0x00000000e0000000,0x00000000e9680000,0x00000000e9680000)
  from space 11264K, 0% used [0x00000000eb600000,0x00000000eb600000,0x00000000ec100000)
  to   space 13824K, 0% used [0x00000000ea600000,0x00000000ea600000,0x00000000eb380000)
 ParOldGen       total 91648K, used 36802K [0x00000000a0000000, 0x00000000a5980000, 0x00000000e0000000)
  object space 91648K, 40% used [0x00000000a0000000,0x00000000a23f0a30,0x00000000a5980000)
 Metaspace       used 62159K, capacity 64722K, committed 64936K, reserved 1105920K
  class space    used 8540K, capacity 9096K, committed 9136K, reserved 1048576K
Event: 21.052 GC heap after
Heap after GC invocations=14 (full 3):
 PSYoungGen      total 167936K, used 13807K [0x00000000e0000000, 0x00000000ec100000, 0x0000000100000000)
  eden space 154112K, 0% used [0x00000000e0000000,0x00000000e0000000,0x00000000e9680000)
  from space 13824K, 99% used [0x00000000ea600000,0x00000000eb37beb0,0x00000000eb380000)
  to   space 11264K, 0% used [0x00000000eb600000,0x00000000eb600000,0x00000000ec100000)
 ParOldGen       total 91648K, used 37047K [0x00000000a0000000, 0x00000000a5980000, 0x00000000e0000000)
  object space 91648K, 40% used [0x00000000a0000000,0x00000000a242dc90,0x00000000a5980000)
 Metaspace       used 62159K, capacity 64722K, committed 64936K, reserved 1105920K
  class space    used 8540K, capacity 9096K, committed 9136K, reserved 1048576K
}

