# JRE version: OpenJDK Runtime Environment (8.0_242-b01) (build 1.8.0_242-release-1644-b01)
# Java VM: OpenJDK 64-Bit Server VM (25.242-b01 mixed mode windows-amd64 compressed oops)
Heap:
 PSYoungGen      total 218624K, used 22225K [0x00000000e0000000, 0x00000000f1180000, 0x0000000100000000)
  eden space 198144K, 1% used [0x00000000e0000000,0x00000000e033e9c0,0x00000000ec180000)
  from space 20480K, 92% used [0x00000000ec180000,0x00000000ed3f5bc0,0x00000000ed580000)
  to   space 22528K, 0% used [0x00000000efb80000,0x00000000efb80000,0x00000000f1180000)
 ParOldGen       total 103936K, used 34102K [0x00000000a0000000, 0x00000000a6580000, 0x00000000e0000000)
  object space 103936K, 32% used [0x00000000a0000000,0x00000000a214d930,0x00000000a6580000)
 Metaspace       used 65964K, capacity 68686K, committed 68776K, reserved 1107968K
  class space    used 9061K, capacity 9632K, committed 9648K, reserved 1048576K
GC Heap History (10 events):
Event: 8.891 GC heap before
{Heap before GC invocations=10 (full 2):
 PSYoungGen      total 170496K, used 8213K [0x00000000e0000000, 0x00000000eb900000, 0x0000000100000000)
  eden space 157696K, 0% used [0x00000000e0000000,0x00000000e0000000,0x00000000e9a00000)
  from space 12800K, 64% used [0x00000000ea600000,0x00000000eae05538,0x00000000eb280000)
  to   space 12288K, 0% used [0x00000000e9a00000,0x00000000e9a00000,0x00000000ea600000)
 ParOldGen       total 68608K, used 7675K [0x00000000a0000000, 0x00000000a4300000, 0x00000000e0000000)
  object space 68608K, 11% used [0x00000000a0000000,0x00000000a077efe8,0x00000000a4300000)
 Metaspace       used 34513K, capacity 35386K, committed 35496K, reserved 1079296K
  class space    used 4725K, capacity 4970K, committed 5040K, reserved 1048576K
Event: 9.038 GC heap after
Heap after GC invocations=10 (full 2):
 PSYoungGen      total 170496K, used 0K [0x00000000e0000000, 0x00000000eb900000, 0x0000000100000000)
  eden space 157696K, 0% used [0x00000000e0000000,0x00000000e0000000,0x00000000e9a00000)
  from space 12800K, 0% used [0x00000000ea600000,0x00000000ea600000,0x00000000eb280000)
  to   space 12288K, 0% used [0x00000000e9a00000,0x00000000e9a00000,0x00000000ea600000)
 ParOldGen       total 103936K, used 14791K [0x00000000a0000000, 0x00000000a6580000, 0x00000000e0000000)
  object space 103936K, 14% used [0x00000000a0000000,0x00000000a0e71c30,0x00000000a6580000)
 Metaspace       used 34513K, capacity 35386K, committed 35496K, reserved 1079296K
  class space    used 4725K, capacity 4970K, committed 5040K, reserved 1048576K
}
Event: 12.347 GC heap before
{Heap before GC invocations=11 (full 2):
 PSYoungGen      total 170496K, used 157696K [0x00000000e0000000, 0x00000000eb900000, 0x0000000100000000)
  eden space 157696K, 100% used [0x00000000e0000000,0x00000000e9a00000,0x00000000e9a00000)
  from space 12800K, 0% used [0x00000000ea600000,0x00000000ea600000,0x00000000eb280000)
  to   space 12288K, 0% used [0x00000000e9a00000,0x00000000e9a00000,0x00000000ea600000)
 ParOldGen       total 103936K, used 14791K [0x00000000a0000000, 0x00000000a6580000, 0x00000000e0000000)
  object space 103936K, 14% used [0x00000000a0000000,0x00000000a0e71c30,0x00000000a6580000)
 Metaspace       used 47504K, capacity 48938K, committed 49320K, reserved 1091584K
  class space    used 6386K, capacity 6729K, committed 6832K, reserved 1048576K
Event: 12.375 GC heap after
Heap after GC invocations=11 (full 2):
 PSYoungGen      total 169984K, used 12283K [0x00000000e0000000, 0x00000000ee580000, 0x0000000100000000)
  eden space 157696K, 0% used [0x00000000e0000000,0x00000000e0000000,0x00000000e9a00000)
  from space 12288K, 99% used [0x00000000e9a00000,0x00000000ea5fef40,0x00000000ea600000)
  to   space 16384K, 0% used [0x00000000ed580000,0x00000000ed580000,0x00000000ee580000)
 ParOldGen       total 103936K, used 21477K [0x00000000a0000000, 0x00000000a6580000, 0x00000000e0000000)
  object space 103936K, 20% used [0x00000000a0000000,0x00000000a14f94e0,0x00000000a6580000)
 Metaspace       used 47504K, capacity 48938K, committed 49320K, reserved 1091584K
  class space    used 6386K, capacity 6729K, committed 6832K, reserved 1048576K
}
Event: 15.352 GC heap before
{Heap before GC invocations=12 (full 2):
 PSYoungGen      total 169984K, used 126448K [0x00000000e0000000, 0x00000000ee580000, 0x0000000100000000)
  eden space 157696K, 72% used [0x00000000e0000000,0x00000000e6f7d208,0x00000000e9a00000)
  from space 12288K, 99% used [0x00000000e9a00000,0x00000000ea5fef40,0x00000000ea600000)
  to   space 16384K, 0% used [0x00000000ed580000,0x00000000ed580000,0x00000000ee580000)
 ParOldGen       total 103936K, used 21477K [0x00000000a0000000, 0x00000000a6580000, 0x00000000e0000000)
  object space 103936K, 20% used [0x00000000a0000000,0x00000000a14f94e0,0x00000000a6580000)
 Metaspace       used 57133K, capacity 59016K, committed 59160K, reserved 1099776K
  class space    used 7825K, capacity 8279K, committed 8368K, reserved 1048576K
Event: 15.390 GC heap after
Heap after GC invocations=12 (full 2):
 PSYoungGen      total 214528K, used 16375K [0x00000000e0000000, 0x00000000eea80000, 0x0000000100000000)
  eden space 198144K, 0% used [0x00000000e0000000,0x00000000e0000000,0x00000000ec180000)
  from space 16384K, 99% used [0x00000000ed580000,0x00000000ee57de60,0x00000000ee580000)
  to   space 20480K, 0% used [0x00000000ec180000,0x00000000ec180000,0x00000000ed580000)
 ParOldGen       total 103936K, used 27301K [0x00000000a0000000, 0x00000000a6580000, 0x00000000e0000000)
  object space 103936K, 26% used [0x00000000a0000000,0x00000000a1aa9758,0x00000000a6580000)
 Metaspace       used 57133K, capacity 59016K, committed 59160K, reserved 1099776K
  class space    used 7825K, capacity 8279K, committed 8368K, reserved 1048576K
}
Event: 15.390 GC heap before
{Heap before GC invocations=13 (full 3):
 PSYoungGen      total 214528K, used 16375K [0x00000000e0000000, 0x00000000eea80000, 0x0000000100000000)
  eden space 198144K, 0% used [0x00000000e0000000,0x00000000e0000000,0x00000000ec180000)
  from space 16384K, 99% used [0x00000000ed580000,0x00000000ee57de60,0x00000000ee580000)
  to   space 20480K, 0% used [0x00000000ec180000,0x00000000ec180000,0x00000000ed580000)
 ParOldGen       total 103936K, used 27301K [0x00000000a0000000, 0x00000000a6580000, 0x00000000e0000000)
  object space 103936K, 26% used [0x00000000a0000000,0x00000000a1aa9758,0x00000000a6580000)
 Metaspace       used 57133K, capacity 59016K, committed 59160K, reserved 1099776K
  class space    used 7825K, capacity 8279K, committed 8368K, reserved 1048576K
Event: 15.830 GC heap after
Heap after GC invocations=13 (full 3):
 PSYoungGen      total 214528K, used 0K [0x00000000e0000000, 0x00000000eea80000, 0x0000000100000000)
  eden space 198144K, 0% used [0x00000000e0000000,0x00000000e0000000,0x00000000ec180000)
  from space 16384K, 0% used [0x00000000ed580000,0x00000000ed580000,0x00000000ee580000)
  to   space 20480K, 0% used [0x00000000ec180000,0x00000000ec180000,0x00000000ed580000)
 ParOldGen       total 103936K, used 34094K [0x00000000a0000000, 0x00000000a6580000, 0x00000000e0000000)
  object space 103936K, 32% used [0x00000000a0000000,0x00000000a214b930,0x00000000a6580000)
 Metaspace       used 57133K, capacity 59016K, committed 59160K, reserved 1099776K
  class space    used 7825K, capacity 8279K, committed 8368K, reserved 1048576K
}
Event: 20.620 GC heap before
{Heap before GC invocations=14 (full 3):
 PSYoungGen      total 214528K, used 198144K [0x00000000e0000000, 0x00000000eea80000, 0x0000000100000000)
  eden space 198144K, 100% used [0x00000000e0000000,0x00000000ec180000,0x00000000ec180000)
  from space 16384K, 0% used [0x00000000ed580000,0x00000000ed580000,0x00000000ee580000)
  to   space 20480K, 0% used [0x00000000ec180000,0x00000000ec180000,0x00000000ed580000)
 ParOldGen       total 103936K, used 34094K [0x00000000a0000000, 0x00000000a6580000, 0x00000000e0000000)
  object space 103936K, 32% used [0x00000000a0000000,0x00000000a214b930,0x00000000a6580000)
 Metaspace       used 65093K, capacity 67854K, committed 68008K, reserved 1107968K
  class space    used 8988K, capacity 9568K, committed 9648K, reserved 1048576K
Event: 20.649 GC heap after
Heap after GC invocations=14 (full 3):
 PSYoungGen      total 218624K, used 18902K [0x00000000e0000000, 0x00000000f1180000, 0x0000000100000000)
  eden space 198144K, 0% used [0x00000000e0000000,0x00000000e0000000,0x00000000ec180000)
  from space 20480K, 92% used [0x00000000ec180000,0x00000000ed3f5bc0,0x00000000ed580000)
  to   space 22528K, 0% used [0x00000000efb80000,0x00000000efb80000,0x00000000f1180000)
 ParOldGen       total 103936K, used 34102K [0x00000000a0000000, 0x00000000a6580000, 0x00000000e0000000)
  object space 103936K, 32% used [0x00000000a0000000,0x00000000a214d930,0x00000000a6580000)
 Metaspace       used 65093K, capacity 67854K, committed 68008K, reserved 1107968K
  class space    used 8988K, capacity 9568K, committed 9648K, reserved 1048576K
}

