# JRE version: OpenJDK Runtime Environment (8.0_242-b01) (build 1.8.0_242-release-1644-b01)
# Java VM: OpenJDK 64-Bit Server VM (25.242-b01 mixed mode windows-amd64 compressed oops)
Heap:
 PSYoungGen      total 294400K, used 94381K [0x00000000e0000000, 0x00000000f4600000, 0x0000000100000000)
  eden space 281088K, 33% used [0x00000000e0000000,0x00000000e5c2b4e0,0x00000000f1280000)
  from space 13312K, 0% used [0x00000000f3900000,0x00000000f3900000,0x00000000f4600000)
  to   space 14848K, 0% used [0x00000000f2900000,0x00000000f2900000,0x00000000f3780000)
 ParOldGen       total 68608K, used 24822K [0x00000000a0000000, 0x00000000a4300000, 0x00000000e0000000)
  object space 68608K, 36% used [0x00000000a0000000,0x00000000a183d908,0x00000000a4300000)
 Metaspace       used 51190K, capacity 52898K, committed 53160K, reserved 1095680K
  class space    used 6859K, capacity 7248K, committed 7344K, reserved 1048576K
GC Heap History (10 events):
Event: 6.692 GC heap before
{Heap before GC invocations=7 (full 1):
 PSYoungGen      total 106496K, used 98304K [0x00000000e0000000, 0x00000000ed700000, 0x0000000100000000)
  eden space 98304K, 100% used [0x00000000e0000000,0x00000000e6000000,0x00000000e6000000)
  from space 8192K, 0% used [0x00000000e6000000,0x00000000e6000000,0x00000000e6800000)
  to   space 11776K, 0% used [0x00000000ecb80000,0x00000000ecb80000,0x00000000ed700000)
 ParOldGen       total 68608K, used 7655K [0x00000000a0000000, 0x00000000a4300000, 0x00000000e0000000)
  object space 68608K, 11% used [0x00000000a0000000,0x00000000a0779e50,0x00000000a4300000)
 Metaspace       used 31241K, capacity 32022K, committed 32176K, reserved 1077248K
  class space    used 4250K, capacity 4504K, committed 4528K, reserved 1048576K
Event: 6.707 GC heap after
Heap after GC invocations=7 (full 1):
 PSYoungGen      total 186368K, used 11163K [0x00000000e0000000, 0x00000000ed680000, 0x0000000100000000)
  eden space 175104K, 0% used [0x00000000e0000000,0x00000000e0000000,0x00000000eab00000)
  from space 11264K, 99% used [0x00000000ecb80000,0x00000000ed666f88,0x00000000ed680000)
  to   space 13312K, 0% used [0x00000000ebc80000,0x00000000ebc80000,0x00000000ec980000)
 ParOldGen       total 68608K, used 7663K [0x00000000a0000000, 0x00000000a4300000, 0x00000000e0000000)
  object space 68608K, 11% used [0x00000000a0000000,0x00000000a077be50,0x00000000a4300000)
 Metaspace       used 31241K, capacity 32022K, committed 32176K, reserved 1077248K
  class space    used 4250K, capacity 4504K, committed 4528K, reserved 1048576K
}
Event: 7.722 GC heap before
{Heap before GC invocations=8 (full 1):
 PSYoungGen      total 186368K, used 86744K [0x00000000e0000000, 0x00000000ed680000, 0x0000000100000000)
  eden space 175104K, 43% used [0x00000000e0000000,0x00000000e49cf1e0,0x00000000eab00000)
  from space 11264K, 99% used [0x00000000ecb80000,0x00000000ed666f88,0x00000000ed680000)
  to   space 13312K, 0% used [0x00000000ebc80000,0x00000000ebc80000,0x00000000ec980000)
 ParOldGen       total 68608K, used 7663K [0x00000000a0000000, 0x00000000a4300000, 0x00000000e0000000)
  object space 68608K, 11% used [0x00000000a0000000,0x00000000a077be50,0x00000000a4300000)
 Metaspace       used 34521K, capacity 35386K, committed 35496K, reserved 1079296K
  class space    used 4731K, capacity 4970K, committed 5040K, reserved 1048576K
Event: 7.738 GC heap after
Heap after GC invocations=8 (full 1):
 PSYoungGen      total 206336K, used 9693K [0x00000000e0000000, 0x00000000f4600000, 0x0000000100000000)
  eden space 193024K, 0% used [0x00000000e0000000,0x00000000e0000000,0x00000000ebc80000)
  from space 13312K, 72% used [0x00000000ebc80000,0x00000000ec5f74b8,0x00000000ec980000)
  to   space 13312K, 0% used [0x00000000f3900000,0x00000000f3900000,0x00000000f4600000)
 ParOldGen       total 68608K, used 7671K [0x00000000a0000000, 0x00000000a4300000, 0x00000000e0000000)
  object space 68608K, 11% used [0x00000000a0000000,0x00000000a077de50,0x00000000a4300000)
 Metaspace       used 34521K, capacity 35386K, committed 35496K, reserved 1079296K
  class space    used 4731K, capacity 4970K, committed 5040K, reserved 1048576K
}
Event: 7.738 GC heap before
{Heap before GC invocations=9 (full 2):
 PSYoungGen      total 206336K, used 9693K [0x00000000e0000000, 0x00000000f4600000, 0x0000000100000000)
  eden space 193024K, 0% used [0x00000000e0000000,0x00000000e0000000,0x00000000ebc80000)
  from space 13312K, 72% used [0x00000000ebc80000,0x00000000ec5f74b8,0x00000000ec980000)
  to   space 13312K, 0% used [0x00000000f3900000,0x00000000f3900000,0x00000000f4600000)
 ParOldGen       total 68608K, used 7671K [0x00000000a0000000, 0x00000000a4300000, 0x00000000e0000000)
  object space 68608K, 11% used [0x00000000a0000000,0x00000000a077de50,0x00000000a4300000)
 Metaspace       used 34521K, capacity 35386K, committed 35496K, reserved 1079296K
  class space    used 4731K, capacity 4970K, committed 5040K, reserved 1048576K
Event: 7.870 GC heap after
Heap after GC invocations=9 (full 2):
 PSYoungGen      total 206336K, used 0K [0x00000000e0000000, 0x00000000f4600000, 0x0000000100000000)
  eden space 193024K, 0% used [0x00000000e0000000,0x00000000e0000000,0x00000000ebc80000)
  from space 13312K, 0% used [0x00000000ebc80000,0x00000000ebc80000,0x00000000ec980000)
  to   space 13312K, 0% used [0x00000000f3900000,0x00000000f3900000,0x00000000f4600000)
 ParOldGen       total 68608K, used 16130K [0x00000000a0000000, 0x00000000a4300000, 0x00000000e0000000)
  object space 68608K, 23% used [0x00000000a0000000,0x00000000a0fc0848,0x00000000a4300000)
 Metaspace       used 34521K, capacity 35386K, committed 35496K, reserved 1079296K
  class space    used 4731K, capacity 4970K, committed 5040K, reserved 1048576K
}
Event: 10.186 GC heap before
{Heap before GC invocations=10 (full 2):
 PSYoungGen      total 206336K, used 109868K [0x00000000e0000000, 0x00000000f4600000, 0x0000000100000000)
  eden space 193024K, 56% used [0x00000000e0000000,0x00000000e6b4b3b8,0x00000000ebc80000)
  from space 13312K, 0% used [0x00000000ebc80000,0x00000000ebc80000,0x00000000ec980000)
  to   space 13312K, 0% used [0x00000000f3900000,0x00000000f3900000,0x00000000f4600000)
 ParOldGen       total 68608K, used 16130K [0x00000000a0000000, 0x00000000a4300000, 0x00000000e0000000)
  object space 68608K, 23% used [0x00000000a0000000,0x00000000a0fc0848,0x00000000a4300000)
 Metaspace       used 43705K, capacity 45116K, committed 45224K, reserved 1087488K
  class space    used 5935K, capacity 6292K, committed 6320K, reserved 1048576K
Event: 10.203 GC heap after
Heap after GC invocations=10 (full 2):
 PSYoungGen      total 294400K, used 12883K [0x00000000e0000000, 0x00000000f4600000, 0x0000000100000000)
  eden space 281088K, 0% used [0x00000000e0000000,0x00000000e0000000,0x00000000f1280000)
  from space 13312K, 96% used [0x00000000f3900000,0x00000000f4594cc8,0x00000000f4600000)
  to   space 14848K, 0% used [0x00000000f2900000,0x00000000f2900000,0x00000000f3780000)
 ParOldGen       total 68608K, used 16138K [0x00000000a0000000, 0x00000000a4300000, 0x00000000e0000000)
  object space 68608K, 23% used [0x00000000a0000000,0x00000000a0fc2848,0x00000000a4300000)
 Metaspace       used 43705K, capacity 45116K, committed 45224K, reserved 1087488K
  class space    used 5935K, capacity 6292K, committed 6320K, reserved 1048576K
}
Event: 10.203 GC heap before
{Heap before GC invocations=11 (full 3):
 PSYoungGen      total 294400K, used 12883K [0x00000000e0000000, 0x00000000f4600000, 0x0000000100000000)
  eden space 281088K, 0% used [0x00000000e0000000,0x00000000e0000000,0x00000000f1280000)
  from space 13312K, 96% used [0x00000000f3900000,0x00000000f4594cc8,0x00000000f4600000)
  to   space 14848K, 0% used [0x00000000f2900000,0x00000000f2900000,0x00000000f3780000)
 ParOldGen       total 68608K, used 16138K [0x00000000a0000000, 0x00000000a4300000, 0x00000000e0000000)
  object space 68608K, 23% used [0x00000000a0000000,0x00000000a0fc2848,0x00000000a4300000)
 Metaspace       used 43705K, capacity 45116K, committed 45224K, reserved 1087488K
  class space    used 5935K, capacity 6292K, committed 6320K, reserved 1048576K
Event: 10.443 GC heap after
Heap after GC invocations=11 (full 3):
 PSYoungGen      total 294400K, used 0K [0x00000000e0000000, 0x00000000f4600000, 0x0000000100000000)
  eden space 281088K, 0% used [0x00000000e0000000,0x00000000e0000000,0x00000000f1280000)
  from space 13312K, 0% used [0x00000000f3900000,0x00000000f3900000,0x00000000f4600000)
  to   space 14848K, 0% used [0x00000000f2900000,0x00000000f2900000,0x00000000f3780000)
 ParOldGen       total 68608K, used 24822K [0x00000000a0000000, 0x00000000a4300000, 0x00000000e0000000)
  object space 68608K, 36% used [0x00000000a0000000,0x00000000a183d908,0x00000000a4300000)
 Metaspace       used 43695K, capacity 45080K, committed 45224K, reserved 1087488K
  class space    used 5931K, capacity 6286K, committed 6320K, reserved 1048576K
}

