# JRE version: OpenJDK Runtime Environment (8.0_242-b01) (build 1.8.0_242-release-1644-b01)
# Java VM: OpenJDK 64-Bit Server VM (25.242-b01 mixed mode windows-amd64 compressed oops)
Heap:
 PSYoungGen      total 197632K, used 169386K [0x00000000e0000000, 0x00000000ede00000, 0x0000000100000000)
  eden space 181248K, 93% used [0x00000000e0000000,0x00000000ea56a9f0,0x00000000eb100000)
  from space 16384K, 0% used [0x00000000ec580000,0x00000000ec580000,0x00000000ed580000)
  to   space 20992K, 0% used [0x00000000eb100000,0x00000000eb100000,0x00000000ec580000)
 ParOldGen       total 110592K, used 34294K [0x00000000a0000000, 0x00000000a6c00000, 0x00000000e0000000)
  object space 110592K, 31% used [0x00000000a0000000,0x00000000a217d838,0x00000000a6c00000)
 Metaspace       used 61755K, capacity 64506K, committed 64680K, reserved 1105920K
  class space    used 8517K, capacity 9068K, committed 9136K, reserved 1048576K
GC Heap History (10 events):
Event: 5.993 GC heap before
{Heap before GC invocations=9 (full 1):
 PSYoungGen      total 103936K, used 45781K [0x00000000e0000000, 0x00000000ead80000, 0x0000000100000000)
  eden space 92160K, 38% used [0x00000000e0000000,0x00000000e228e8a8,0x00000000e5a00000)
  from space 11776K, 88% used [0x00000000e5a00000,0x00000000e6426c78,0x00000000e6580000)
  to   space 12800K, 0% used [0x00000000ea100000,0x00000000ea100000,0x00000000ead80000)
 ParOldGen       total 69120K, used 7674K [0x00000000a0000000, 0x00000000a4380000, 0x00000000e0000000)
  object space 69120K, 11% used [0x00000000a0000000,0x00000000a077ebc8,0x00000000a4380000)
 Metaspace       used 34523K, capacity 35386K, committed 35496K, reserved 1079296K
  class space    used 4734K, capacity 4970K, committed 5040K, reserved 1048576K
Event: 6.009 GC heap after
Heap after GC invocations=9 (full 1):
 PSYoungGen      total 165376K, used 8318K [0x00000000e0000000, 0x00000000eb700000, 0x0000000100000000)
  eden space 152576K, 0% used [0x00000000e0000000,0x00000000e0000000,0x00000000e9500000)
  from space 12800K, 64% used [0x00000000ea100000,0x00000000ea91fbc0,0x00000000ead80000)
  to   space 12288K, 0% used [0x00000000e9500000,0x00000000e9500000,0x00000000ea100000)
 ParOldGen       total 69120K, used 7682K [0x00000000a0000000, 0x00000000a4380000, 0x00000000e0000000)
  object space 69120K, 11% used [0x00000000a0000000,0x00000000a0780bc8,0x00000000a4380000)
 Metaspace       used 34523K, capacity 35386K, committed 35496K, reserved 1079296K
  class space    used 4734K, capacity 4970K, committed 5040K, reserved 1048576K
}
Event: 6.009 GC heap before
{Heap before GC invocations=10 (full 2):
 PSYoungGen      total 165376K, used 8318K [0x00000000e0000000, 0x00000000eb700000, 0x0000000100000000)
  eden space 152576K, 0% used [0x00000000e0000000,0x00000000e0000000,0x00000000e9500000)
  from space 12800K, 64% used [0x00000000ea100000,0x00000000ea91fbc0,0x00000000ead80000)
  to   space 12288K, 0% used [0x00000000e9500000,0x00000000e9500000,0x00000000ea100000)
 ParOldGen       total 69120K, used 7682K [0x00000000a0000000, 0x00000000a4380000, 0x00000000e0000000)
  object space 69120K, 11% used [0x00000000a0000000,0x00000000a0780bc8,0x00000000a4380000)
 Metaspace       used 34523K, capacity 35386K, committed 35496K, reserved 1079296K
  class space    used 4734K, capacity 4970K, committed 5040K, reserved 1048576K
Event: 6.226 GC heap after
Heap after GC invocations=10 (full 2):
 PSYoungGen      total 165376K, used 0K [0x00000000e0000000, 0x00000000eb700000, 0x0000000100000000)
  eden space 152576K, 0% used [0x00000000e0000000,0x00000000e0000000,0x00000000e9500000)
  from space 12800K, 0% used [0x00000000ea100000,0x00000000ea100000,0x00000000ead80000)
  to   space 12288K, 0% used [0x00000000e9500000,0x00000000e9500000,0x00000000ea100000)
 ParOldGen       total 110592K, used 14874K [0x00000000a0000000, 0x00000000a6c00000, 0x00000000e0000000)
  object space 110592K, 13% used [0x00000000a0000000,0x00000000a0e86a28,0x00000000a6c00000)
 Metaspace       used 34523K, capacity 35386K, committed 35496K, reserved 1079296K
  class space    used 4734K, capacity 4970K, committed 5040K, reserved 1048576K
}
Event: 13.656 GC heap before
{Heap before GC invocations=11 (full 2):
 PSYoungGen      total 165376K, used 152576K [0x00000000e0000000, 0x00000000eb700000, 0x0000000100000000)
  eden space 152576K, 100% used [0x00000000e0000000,0x00000000e9500000,0x00000000e9500000)
  from space 12800K, 0% used [0x00000000ea100000,0x00000000ea100000,0x00000000ead80000)
  to   space 12288K, 0% used [0x00000000e9500000,0x00000000e9500000,0x00000000ea100000)
 ParOldGen       total 110592K, used 14874K [0x00000000a0000000, 0x00000000a6c00000, 0x00000000e0000000)
  object space 110592K, 13% used [0x00000000a0000000,0x00000000a0e86a28,0x00000000a6c00000)
 Metaspace       used 47180K, capacity 48600K, committed 48680K, reserved 1091584K
  class space    used 6340K, capacity 6680K, committed 6704K, reserved 1048576K
Event: 13.687 GC heap after
Heap after GC invocations=11 (full 2):
 PSYoungGen      total 164864K, used 12262K [0x00000000e0000000, 0x00000000ed580000, 0x0000000100000000)
  eden space 152576K, 0% used [0x00000000e0000000,0x00000000e0000000,0x00000000e9500000)
  from space 12288K, 99% used [0x00000000e9500000,0x00000000ea0f9a40,0x00000000ea100000)
  to   space 16384K, 0% used [0x00000000ec580000,0x00000000ec580000,0x00000000ed580000)
 ParOldGen       total 110592K, used 21809K [0x00000000a0000000, 0x00000000a6c00000, 0x00000000e0000000)
  object space 110592K, 19% used [0x00000000a0000000,0x00000000a154c5d8,0x00000000a6c00000)
 Metaspace       used 47180K, capacity 48600K, committed 48680K, reserved 1091584K
  class space    used 6340K, capacity 6680K, committed 6704K, reserved 1048576K
}
Event: 15.474 GC heap before
{Heap before GC invocations=12 (full 2):
 PSYoungGen      total 164864K, used 130085K [0x00000000e0000000, 0x00000000ed580000, 0x0000000100000000)
  eden space 152576K, 77% used [0x00000000e0000000,0x00000000e730fb08,0x00000000e9500000)
  from space 12288K, 99% used [0x00000000e9500000,0x00000000ea0f9a40,0x00000000ea100000)
  to   space 16384K, 0% used [0x00000000ec580000,0x00000000ec580000,0x00000000ed580000)
 ParOldGen       total 110592K, used 21809K [0x00000000a0000000, 0x00000000a6c00000, 0x00000000e0000000)
  object space 110592K, 19% used [0x00000000a0000000,0x00000000a154c5d8,0x00000000a6c00000)
 Metaspace       used 57103K, capacity 59010K, committed 59160K, reserved 1099776K
  class space    used 7820K, capacity 8270K, committed 8368K, reserved 1048576K
Event: 15.525 GC heap after
Heap after GC invocations=12 (full 2):
 PSYoungGen      total 197632K, used 16372K [0x00000000e0000000, 0x00000000ede00000, 0x0000000100000000)
  eden space 181248K, 0% used [0x00000000e0000000,0x00000000e0000000,0x00000000eb100000)
  from space 16384K, 99% used [0x00000000ec580000,0x00000000ed57d078,0x00000000ed580000)
  to   space 20992K, 0% used [0x00000000eb100000,0x00000000eb100000,0x00000000ec580000)
 ParOldGen       total 110592K, used 27802K [0x00000000a0000000, 0x00000000a6c00000, 0x00000000e0000000)
  object space 110592K, 25% used [0x00000000a0000000,0x00000000a1b26a50,0x00000000a6c00000)
 Metaspace       used 57103K, capacity 59010K, committed 59160K, reserved 1099776K
  class space    used 7820K, capacity 8270K, committed 8368K, reserved 1048576K
}
Event: 15.525 GC heap before
{Heap before GC invocations=13 (full 3):
 PSYoungGen      total 197632K, used 16372K [0x00000000e0000000, 0x00000000ede00000, 0x0000000100000000)
  eden space 181248K, 0% used [0x00000000e0000000,0x00000000e0000000,0x00000000eb100000)
  from space 16384K, 99% used [0x00000000ec580000,0x00000000ed57d078,0x00000000ed580000)
  to   space 20992K, 0% used [0x00000000eb100000,0x00000000eb100000,0x00000000ec580000)
 ParOldGen       total 110592K, used 27802K [0x00000000a0000000, 0x00000000a6c00000, 0x00000000e0000000)
  object space 110592K, 25% used [0x00000000a0000000,0x00000000a1b26a50,0x00000000a6c00000)
 Metaspace       used 57103K, capacity 59010K, committed 59160K, reserved 1099776K
  class space    used 7820K, capacity 8270K, committed 8368K, reserved 1048576K
Event: 15.906 GC heap after
Heap after GC invocations=13 (full 3):
 PSYoungGen      total 197632K, used 0K [0x00000000e0000000, 0x00000000ede00000, 0x0000000100000000)
  eden space 181248K, 0% used [0x00000000e0000000,0x00000000e0000000,0x00000000eb100000)
  from space 16384K, 0% used [0x00000000ec580000,0x00000000ec580000,0x00000000ed580000)
  to   space 20992K, 0% used [0x00000000eb100000,0x00000000eb100000,0x00000000ec580000)
 ParOldGen       total 110592K, used 34294K [0x00000000a0000000, 0x00000000a6c00000, 0x00000000e0000000)
  object space 110592K, 31% used [0x00000000a0000000,0x00000000a217d838,0x00000000a6c00000)
 Metaspace       used 57101K, capacity 59004K, committed 59160K, reserved 1099776K
  class space    used 7819K, capacity 8269K, committed 8368K, reserved 1048576K
}

