# JRE version: OpenJDK Runtime Environment (8.0_242-b01) (build 1.8.0_242-release-1644-b01)
# Java VM: OpenJDK 64-Bit Server VM (25.242-b01 mixed mode windows-amd64 compressed oops)
Heap:
 PSYoungGen      total 209920K, used 33342K [0x00000000e0000000, 0x00000000f0680000, 0x0000000100000000)
  eden space 189440K, 9% used [0x00000000e0000000,0x00000000e11e27e0,0x00000000eb900000)
  from space 20480K, 73% used [0x00000000eb900000,0x00000000ec7ad3d8,0x00000000ecd00000)
  to   space 21504K, 0% used [0x00000000ef180000,0x00000000ef180000,0x00000000f0680000)
 ParOldGen       total 164352K, used 34239K [0x00000000a0000000, 0x00000000aa080000, 0x00000000e0000000)
  object space 164352K, 20% used [0x00000000a0000000,0x00000000a216fe10,0x00000000aa080000)
 Metaspace       used 64117K, capacity 66782K, committed 66984K, reserved 1107968K
  class space    used 8761K, capacity 9318K, committed 9392K, reserved 1048576K
GC Heap History (10 events):
Event: 8.765 GC heap before
{Heap before GC invocations=10 (full 2):
 PSYoungGen      total 166400K, used 8389K [0x00000000e0000000, 0x00000000eb580000, 0x0000000100000000)
  eden space 153600K, 0% used [0x00000000e0000000,0x00000000e0000000,0x00000000e9600000)
  from space 12800K, 65% used [0x00000000ea200000,0x00000000eaa31528,0x00000000eae80000)
  to   space 12288K, 0% used [0x00000000e9600000,0x00000000e9600000,0x00000000ea200000)
 ParOldGen       total 69120K, used 7626K [0x00000000a0000000, 0x00000000a4380000, 0x00000000e0000000)
  object space 69120K, 11% used [0x00000000a0000000,0x00000000a0772830,0x00000000a4380000)
 Metaspace       used 34607K, capacity 35442K, committed 35496K, reserved 1079296K
  class space    used 4738K, capacity 5006K, committed 5040K, reserved 1048576K
Event: 8.935 GC heap after
Heap after GC invocations=10 (full 2):
 PSYoungGen      total 166400K, used 0K [0x00000000e0000000, 0x00000000eb580000, 0x0000000100000000)
  eden space 153600K, 0% used [0x00000000e0000000,0x00000000e0000000,0x00000000e9600000)
  from space 12800K, 0% used [0x00000000ea200000,0x00000000ea200000,0x00000000eae80000)
  to   space 12288K, 0% used [0x00000000e9600000,0x00000000e9600000,0x00000000ea200000)
 ParOldGen       total 107008K, used 14933K [0x00000000a0000000, 0x00000000a6880000, 0x00000000e0000000)
  object space 107008K, 13% used [0x00000000a0000000,0x00000000a0e955b8,0x00000000a6880000)
 Metaspace       used 34607K, capacity 35442K, committed 35496K, reserved 1079296K
  class space    used 4738K, capacity 5006K, committed 5040K, reserved 1048576K
}
Event: 12.359 GC heap before
{Heap before GC invocations=11 (full 2):
 PSYoungGen      total 166400K, used 153600K [0x00000000e0000000, 0x00000000eb580000, 0x0000000100000000)
  eden space 153600K, 100% used [0x00000000e0000000,0x00000000e9600000,0x00000000e9600000)
  from space 12800K, 0% used [0x00000000ea200000,0x00000000ea200000,0x00000000eae80000)
  to   space 12288K, 0% used [0x00000000e9600000,0x00000000e9600000,0x00000000ea200000)
 ParOldGen       total 107008K, used 14933K [0x00000000a0000000, 0x00000000a6880000, 0x00000000e0000000)
  object space 107008K, 13% used [0x00000000a0000000,0x00000000a0e955b8,0x00000000a6880000)
 Metaspace       used 47284K, capacity 48708K, committed 49064K, reserved 1091584K
  class space    used 6351K, capacity 6716K, committed 6832K, reserved 1048576K
Event: 12.386 GC heap after
Heap after GC invocations=11 (full 2):
 PSYoungGen      total 165888K, used 12275K [0x00000000e0000000, 0x00000000edd00000, 0x0000000100000000)
  eden space 153600K, 0% used [0x00000000e0000000,0x00000000e0000000,0x00000000e9600000)
  from space 12288K, 99% used [0x00000000e9600000,0x00000000ea1fce00,0x00000000ea200000)
  to   space 16384K, 0% used [0x00000000ecd00000,0x00000000ecd00000,0x00000000edd00000)
 ParOldGen       total 107008K, used 21043K [0x00000000a0000000, 0x00000000a6880000, 0x00000000e0000000)
  object space 107008K, 19% used [0x00000000a0000000,0x00000000a148cd98,0x00000000a6880000)
 Metaspace       used 47284K, capacity 48708K, committed 49064K, reserved 1091584K
  class space    used 6351K, capacity 6716K, committed 6832K, reserved 1048576K
}
Event: 15.804 GC heap before
{Heap before GC invocations=12 (full 2):
 PSYoungGen      total 165888K, used 129756K [0x00000000e0000000, 0x00000000edd00000, 0x0000000100000000)
  eden space 153600K, 76% used [0x00000000e0000000,0x00000000e72ba228,0x00000000e9600000)
  from space 12288K, 99% used [0x00000000e9600000,0x00000000ea1fce00,0x00000000ea200000)
  to   space 16384K, 0% used [0x00000000ecd00000,0x00000000ecd00000,0x00000000edd00000)
 ParOldGen       total 107008K, used 21043K [0x00000000a0000000, 0x00000000a6880000, 0x00000000e0000000)
  object space 107008K, 19% used [0x00000000a0000000,0x00000000a148cd98,0x00000000a6880000)
 Metaspace       used 57123K, capacity 59102K, committed 59160K, reserved 1099776K
  class space    used 7844K, capacity 8314K, committed 8368K, reserved 1048576K
Event: 15.895 GC heap after
Heap after GC invocations=12 (full 2):
 PSYoungGen      total 205824K, used 16356K [0x00000000e0000000, 0x00000000ee580000, 0x0000000100000000)
  eden space 189440K, 0% used [0x00000000e0000000,0x00000000e0000000,0x00000000eb900000)
  from space 16384K, 99% used [0x00000000ecd00000,0x00000000edcf90b8,0x00000000edd00000)
  to   space 20480K, 0% used [0x00000000eb900000,0x00000000eb900000,0x00000000ecd00000)
 ParOldGen       total 107008K, used 27090K [0x00000000a0000000, 0x00000000a6880000, 0x00000000e0000000)
  object space 107008K, 25% used [0x00000000a0000000,0x00000000a1a74b50,0x00000000a6880000)
 Metaspace       used 57123K, capacity 59102K, committed 59160K, reserved 1099776K
  class space    used 7844K, capacity 8314K, committed 8368K, reserved 1048576K
}
Event: 15.895 GC heap before
{Heap before GC invocations=13 (full 3):
 PSYoungGen      total 205824K, used 16356K [0x00000000e0000000, 0x00000000ee580000, 0x0000000100000000)
  eden space 189440K, 0% used [0x00000000e0000000,0x00000000e0000000,0x00000000eb900000)
  from space 16384K, 99% used [0x00000000ecd00000,0x00000000edcf90b8,0x00000000edd00000)
  to   space 20480K, 0% used [0x00000000eb900000,0x00000000eb900000,0x00000000ecd00000)
 ParOldGen       total 107008K, used 27090K [0x00000000a0000000, 0x00000000a6880000, 0x00000000e0000000)
  object space 107008K, 25% used [0x00000000a0000000,0x00000000a1a74b50,0x00000000a6880000)
 Metaspace       used 57123K, capacity 59102K, committed 59160K, reserved 1099776K
  class space    used 7844K, capacity 8314K, committed 8368K, reserved 1048576K
Event: 16.387 GC heap after
Heap after GC invocations=13 (full 3):
 PSYoungGen      total 205824K, used 0K [0x00000000e0000000, 0x00000000ee580000, 0x0000000100000000)
  eden space 189440K, 0% used [0x00000000e0000000,0x00000000e0000000,0x00000000eb900000)
  from space 16384K, 0% used [0x00000000ecd00000,0x00000000ecd00000,0x00000000edd00000)
  to   space 20480K, 0% used [0x00000000eb900000,0x00000000eb900000,0x00000000ecd00000)
 ParOldGen       total 164352K, used 34231K [0x00000000a0000000, 0x00000000aa080000, 0x00000000e0000000)
  object space 164352K, 20% used [0x00000000a0000000,0x00000000a216de10,0x00000000aa080000)
 Metaspace       used 57123K, capacity 59102K, committed 59160K, reserved 1099776K
  class space    used 7844K, capacity 8314K, committed 8368K, reserved 1048576K
}
Event: 23.415 GC heap before
{Heap before GC invocations=14 (full 3):
 PSYoungGen      total 205824K, used 189440K [0x00000000e0000000, 0x00000000ee580000, 0x0000000100000000)
  eden space 189440K, 100% used [0x00000000e0000000,0x00000000eb900000,0x00000000eb900000)
  from space 16384K, 0% used [0x00000000ecd00000,0x00000000ecd00000,0x00000000edd00000)
  to   space 20480K, 0% used [0x00000000eb900000,0x00000000eb900000,0x00000000ecd00000)
 ParOldGen       total 164352K, used 34231K [0x00000000a0000000, 0x00000000aa080000, 0x00000000e0000000)
  object space 164352K, 20% used [0x00000000a0000000,0x00000000a216de10,0x00000000aa080000)
 Metaspace       used 63543K, capacity 66172K, committed 66472K, reserved 1105920K
  class space    used 8709K, capacity 9271K, committed 9392K, reserved 1048576K
Event: 23.467 GC heap after
Heap after GC invocations=14 (full 3):
 PSYoungGen      total 209920K, used 15028K [0x00000000e0000000, 0x00000000f0680000, 0x0000000100000000)
  eden space 189440K, 0% used [0x00000000e0000000,0x00000000e0000000,0x00000000eb900000)
  from space 20480K, 73% used [0x00000000eb900000,0x00000000ec7ad3d8,0x00000000ecd00000)
  to   space 21504K, 0% used [0x00000000ef180000,0x00000000ef180000,0x00000000f0680000)
 ParOldGen       total 164352K, used 34239K [0x00000000a0000000, 0x00000000aa080000, 0x00000000e0000000)
  object space 164352K, 20% used [0x00000000a0000000,0x00000000a216fe10,0x00000000aa080000)
 Metaspace       used 63543K, capacity 66172K, committed 66472K, reserved 1105920K
  class space    used 8709K, capacity 9271K, committed 9392K, reserved 1048576K
}

