# JRE version: OpenJDK Runtime Environment (8.0_242-b01) (build 1.8.0_242-release-1644-b01)
# Java VM: OpenJDK 64-Bit Server VM (25.242-b01 mixed mode windows-amd64 compressed oops)
Heap:
 PSYoungGen      total 315392K, used 87708K [0x00000000e0000000, 0x00000000fa700000, 0x0000000100000000)
  eden space 260096K, 13% used [0x00000000e0000000,0x00000000e2280d90,0x00000000efe00000)
  from space 55296K, 94% used [0x00000000efe00000,0x00000000f3126558,0x00000000f3400000)
  to   space 74752K, 0% used [0x00000000f5e00000,0x00000000f5e00000,0x00000000fa700000)
 ParOldGen       total 266752K, used 90892K [0x00000000a0000000, 0x00000000b0480000, 0x00000000e0000000)
  object space 266752K, 34% used [0x00000000a0000000,0x00000000a58c3288,0x00000000b0480000)
 Metaspace       used 99841K, capacity 105200K, committed 105256K, reserved 1140736K
  class space    used 12634K, capacity 13583K, committed 13616K, reserved 1048576K
GC Heap History (10 events):
Event: 2518.470 GC heap before
{Heap before GC invocations=25 (full 4):
 PSYoungGen      total 288768K, used 288751K [0x00000000e0000000, 0x00000000f5c80000, 0x0000000100000000)
  eden space 251392K, 100% used [0x00000000e0000000,0x00000000ef580000,0x00000000ef580000)
  from space 37376K, 99% used [0x00000000f2080000,0x00000000f44fbd18,0x00000000f4500000)
  to   space 44032K, 0% used [0x00000000ef580000,0x00000000ef580000,0x00000000f2080000)
 ParOldGen       total 266752K, used 58185K [0x00000000a0000000, 0x00000000b0480000, 0x00000000e0000000)
  object space 266752K, 21% used [0x00000000a0000000,0x00000000a38d2788,0x00000000b0480000)
 Metaspace       used 98732K, capacity 103800K, committed 103976K, reserved 1140736K
  class space    used 12567K, capacity 13505K, committed 13616K, reserved 1048576K
Event: 2518.507 GC heap after
Heap after GC invocations=25 (full 4):
 PSYoungGen      total 295424K, used 27776K [0x00000000e0000000, 0x00000000f6000000, 0x0000000100000000)
  eden space 251392K, 0% used [0x00000000e0000000,0x00000000e0000000,0x00000000ef580000)
  from space 44032K, 63% used [0x00000000ef580000,0x00000000f10a0100,0x00000000f2080000)
  to   space 45056K, 0% used [0x00000000f3400000,0x00000000f3400000,0x00000000f6000000)
 ParOldGen       total 266752K, used 58193K [0x00000000a0000000, 0x00000000b0480000, 0x00000000e0000000)
  object space 266752K, 21% used [0x00000000a0000000,0x00000000a38d4788,0x00000000b0480000)
 Metaspace       used 98732K, capacity 103800K, committed 103976K, reserved 1140736K
  class space    used 12567K, capacity 13505K, committed 13616K, reserved 1048576K
}
Event: 2523.830 GC heap before
{Heap before GC invocations=26 (full 4):
 PSYoungGen      total 295424K, used 279168K [0x00000000e0000000, 0x00000000f6000000, 0x0000000100000000)
  eden space 251392K, 100% used [0x00000000e0000000,0x00000000ef580000,0x00000000ef580000)
  from space 44032K, 63% used [0x00000000ef580000,0x00000000f10a0100,0x00000000f2080000)
  to   space 45056K, 0% used [0x00000000f3400000,0x00000000f3400000,0x00000000f6000000)
 ParOldGen       total 266752K, used 58193K [0x00000000a0000000, 0x00000000b0480000, 0x00000000e0000000)
  object space 266752K, 21% used [0x00000000a0000000,0x00000000a38d4788,0x00000000b0480000)
 Metaspace       used 98992K, capacity 104094K, committed 104232K, reserved 1140736K
  class space    used 12570K, capacity 13510K, committed 13616K, reserved 1048576K
Event: 2524.072 GC heap after
Heap after GC invocations=26 (full 4):
 PSYoungGen      total 305152K, used 45027K [0x00000000e0000000, 0x00000000f7d00000, 0x0000000100000000)
  eden space 260096K, 0% used [0x00000000e0000000,0x00000000e0000000,0x00000000efe00000)
  from space 45056K, 99% used [0x00000000f3400000,0x00000000f5ff8e48,0x00000000f6000000)
  to   space 55296K, 0% used [0x00000000efe00000,0x00000000efe00000,0x00000000f3400000)
 ParOldGen       total 266752K, used 67552K [0x00000000a0000000, 0x00000000b0480000, 0x00000000e0000000)
  object space 266752K, 25% used [0x00000000a0000000,0x00000000a41f8050,0x00000000b0480000)
 Metaspace       used 98992K, capacity 104094K, committed 104232K, reserved 1140736K
  class space    used 12570K, capacity 13510K, committed 13616K, reserved 1048576K
}
Event: 2537.165 GC heap before
{Heap before GC invocations=27 (full 4):
 PSYoungGen      total 305152K, used 305123K [0x00000000e0000000, 0x00000000f7d00000, 0x0000000100000000)
  eden space 260096K, 100% used [0x00000000e0000000,0x00000000efe00000,0x00000000efe00000)
  from space 45056K, 99% used [0x00000000f3400000,0x00000000f5ff8e48,0x00000000f6000000)
  to   space 55296K, 0% used [0x00000000efe00000,0x00000000efe00000,0x00000000f3400000)
 ParOldGen       total 266752K, used 67552K [0x00000000a0000000, 0x00000000b0480000, 0x00000000e0000000)
  object space 266752K, 25% used [0x00000000a0000000,0x00000000a41f8050,0x00000000b0480000)
 Metaspace       used 99165K, capacity 104294K, committed 104488K, reserved 1140736K
  class space    used 12570K, capacity 13510K, committed 13616K, reserved 1048576K
Event: 2537.268 GC heap after
Heap after GC invocations=27 (full 4):
 PSYoungGen      total 315392K, used 34832K [0x00000000e0000000, 0x00000000f8580000, 0x0000000100000000)
  eden space 260096K, 0% used [0x00000000e0000000,0x00000000e0000000,0x00000000efe00000)
  from space 55296K, 62% used [0x00000000efe00000,0x00000000f2004158,0x00000000f3400000)
  to   space 56320K, 0% used [0x00000000f4e80000,0x00000000f4e80000,0x00000000f8580000)
 ParOldGen       total 266752K, used 67560K [0x00000000a0000000, 0x00000000b0480000, 0x00000000e0000000)
  object space 266752K, 25% used [0x00000000a0000000,0x00000000a41fa050,0x00000000b0480000)
 Metaspace       used 99165K, capacity 104294K, committed 104488K, reserved 1140736K
  class space    used 12570K, capacity 13510K, committed 13616K, reserved 1048576K
}
Event: 2543.092 GC heap before
{Heap before GC invocations=28 (full 4):
 PSYoungGen      total 315392K, used 294928K [0x00000000e0000000, 0x00000000f8580000, 0x0000000100000000)
  eden space 260096K, 100% used [0x00000000e0000000,0x00000000efe00000,0x00000000efe00000)
  from space 55296K, 62% used [0x00000000efe00000,0x00000000f2004158,0x00000000f3400000)
  to   space 56320K, 0% used [0x00000000f4e80000,0x00000000f4e80000,0x00000000f8580000)
 ParOldGen       total 266752K, used 67560K [0x00000000a0000000, 0x00000000b0480000, 0x00000000e0000000)
  object space 266752K, 25% used [0x00000000a0000000,0x00000000a41fa050,0x00000000b0480000)
 Metaspace       used 99250K, capacity 104388K, committed 104744K, reserved 1140736K
  class space    used 12571K, capacity 13511K, committed 13616K, reserved 1048576K
Event: 2543.477 GC heap after
Heap after GC invocations=28 (full 4):
 PSYoungGen      total 316416K, used 56288K [0x00000000e0000000, 0x00000000f8580000, 0x0000000100000000)
  eden space 260096K, 0% used [0x00000000e0000000,0x00000000e0000000,0x00000000efe00000)
  from space 56320K, 99% used [0x00000000f4e80000,0x00000000f8578088,0x00000000f8580000)
  to   space 55296K, 0% used [0x00000000efe00000,0x00000000efe00000,0x00000000f3400000)
 ParOldGen       total 266752K, used 81920K [0x00000000a0000000, 0x00000000b0480000, 0x00000000e0000000)
  object space 266752K, 30% used [0x00000000a0000000,0x00000000a50003b8,0x00000000b0480000)
 Metaspace       used 99250K, capacity 104388K, committed 104744K, reserved 1140736K
  class space    used 12571K, capacity 13511K, committed 13616K, reserved 1048576K
}
Event: 2621.108 GC heap before
{Heap before GC invocations=29 (full 4):
 PSYoungGen      total 316416K, used 316384K [0x00000000e0000000, 0x00000000f8580000, 0x0000000100000000)
  eden space 260096K, 100% used [0x00000000e0000000,0x00000000efe00000,0x00000000efe00000)
  from space 56320K, 99% used [0x00000000f4e80000,0x00000000f8578088,0x00000000f8580000)
  to   space 55296K, 0% used [0x00000000efe00000,0x00000000efe00000,0x00000000f3400000)
 ParOldGen       total 266752K, used 81920K [0x00000000a0000000, 0x00000000b0480000, 0x00000000e0000000)
  object space 266752K, 30% used [0x00000000a0000000,0x00000000a50003b8,0x00000000b0480000)
 Metaspace       used 99813K, capacity 105072K, committed 105256K, reserved 1140736K
  class space    used 12633K, capacity 13583K, committed 13616K, reserved 1048576K
Event: 2621.329 GC heap after
Heap after GC invocations=29 (full 4):
 PSYoungGen      total 315392K, used 52377K [0x00000000e0000000, 0x00000000fa700000, 0x0000000100000000)
  eden space 260096K, 0% used [0x00000000e0000000,0x00000000e0000000,0x00000000efe00000)
  from space 55296K, 94% used [0x00000000efe00000,0x00000000f3126558,0x00000000f3400000)
  to   space 74752K, 0% used [0x00000000f5e00000,0x00000000f5e00000,0x00000000fa700000)
 ParOldGen       total 266752K, used 90892K [0x00000000a0000000, 0x00000000b0480000, 0x00000000e0000000)
  object space 266752K, 34% used [0x00000000a0000000,0x00000000a58c3288,0x00000000b0480000)
 Metaspace       used 99813K, capacity 105072K, committed 105256K, reserved 1140736K
  class space    used 12633K, capacity 13583K, committed 13616K, reserved 1048576K
}

