# JRE version: OpenJDK Runtime Environment (8.0_242-b01) (build 1.8.0_242-release-1644-b01)
# Java VM: OpenJDK 64-Bit Server VM (25.242-b01 mixed mode windows-amd64 compressed oops)
Heap:
 PSYoungGen      total 206336K, used 4274K [0x00000000e0000000, 0x00000000f4000000, 0x0000000100000000)
  eden space 193536K, 2% used [0x00000000e0000000,0x00000000e042cbc8,0x00000000ebd00000)
  from space 12800K, 0% used [0x00000000ebd00000,0x00000000ebd00000,0x00000000ec980000)
  to   space 13312K, 0% used [0x00000000f3300000,0x00000000f3300000,0x00000000f4000000)
 ParOldGen       total 110592K, used 16646K [0x00000000a0000000, 0x00000000a6c00000, 0x00000000e0000000)
  object space 110592K, 15% used [0x00000000a0000000,0x00000000a1041828,0x00000000a6c00000)
 Metaspace       used 34564K, capacity 35352K, committed 35416K, reserved 1079296K
  class space    used 4712K, capacity 4947K, committed 4992K, reserved 1048576K
GC Heap History (10 events):
Event: 5.680 GC heap before
{Heap before GC invocations=5 (full 0):
 PSYoungGen      total 106496K, used 15617K [0x00000000e0000000, 0x00000000e7000000, 0x0000000100000000)
  eden space 98304K, 7% used [0x00000000e0000000,0x00000000e0744bc0,0x00000000e6000000)
  from space 8192K, 99% used [0x00000000e6800000,0x00000000e6ffb998,0x00000000e7000000)
  to   space 8192K, 0% used [0x00000000e6000000,0x00000000e6000000,0x00000000e6800000)
 ParOldGen       total 131072K, used 2841K [0x00000000a0000000, 0x00000000a8000000, 0x00000000e0000000)
  object space 131072K, 2% used [0x00000000a0000000,0x00000000a02c65d0,0x00000000a8000000)
 Metaspace       used 20649K, capacity 21150K, committed 21248K, reserved 1067008K
  class space    used 2893K, capacity 3059K, committed 3072K, reserved 1048576K
Event: 5.693 GC heap after
Heap after GC invocations=5 (full 0):
 PSYoungGen      total 106496K, used 7164K [0x00000000e0000000, 0x00000000ed600000, 0x0000000100000000)
  eden space 98304K, 0% used [0x00000000e0000000,0x00000000e0000000,0x00000000e6000000)
  from space 8192K, 87% used [0x00000000e6000000,0x00000000e66ff010,0x00000000e6800000)
  to   space 11264K, 0% used [0x00000000ecb00000,0x00000000ecb00000,0x00000000ed600000)
 ParOldGen       total 131072K, used 2849K [0x00000000a0000000, 0x00000000a8000000, 0x00000000e0000000)
  object space 131072K, 2% used [0x00000000a0000000,0x00000000a02c85d0,0x00000000a8000000)
 Metaspace       used 20649K, capacity 21150K, committed 21248K, reserved 1067008K
  class space    used 2893K, capacity 3059K, committed 3072K, reserved 1048576K
}
Event: 5.693 GC heap before
{Heap before GC invocations=6 (full 1):
 PSYoungGen      total 106496K, used 7164K [0x00000000e0000000, 0x00000000ed600000, 0x0000000100000000)
  eden space 98304K, 0% used [0x00000000e0000000,0x00000000e0000000,0x00000000e6000000)
  from space 8192K, 87% used [0x00000000e6000000,0x00000000e66ff010,0x00000000e6800000)
  to   space 11264K, 0% used [0x00000000ecb00000,0x00000000ecb00000,0x00000000ed600000)
 ParOldGen       total 131072K, used 2849K [0x00000000a0000000, 0x00000000a8000000, 0x00000000e0000000)
  object space 131072K, 2% used [0x00000000a0000000,0x00000000a02c85d0,0x00000000a8000000)
 Metaspace       used 20649K, capacity 21150K, committed 21248K, reserved 1067008K
  class space    used 2893K, capacity 3059K, committed 3072K, reserved 1048576K
Event: 5.755 GC heap after
Heap after GC invocations=6 (full 1):
 PSYoungGen      total 106496K, used 0K [0x00000000e0000000, 0x00000000ed600000, 0x0000000100000000)
  eden space 98304K, 0% used [0x00000000e0000000,0x00000000e0000000,0x00000000e6000000)
  from space 8192K, 0% used [0x00000000e6000000,0x00000000e6000000,0x00000000e6800000)
  to   space 11264K, 0% used [0x00000000ecb00000,0x00000000ecb00000,0x00000000ed600000)
 ParOldGen       total 69120K, used 7535K [0x00000000a0000000, 0x00000000a4380000, 0x00000000e0000000)
  object space 69120K, 10% used [0x00000000a0000000,0x00000000a075bc40,0x00000000a4380000)
 Metaspace       used 20649K, capacity 21150K, committed 21248K, reserved 1067008K
  class space    used 2893K, capacity 3059K, committed 3072K, reserved 1048576K
}
Event: 7.856 GC heap before
{Heap before GC invocations=7 (full 1):
 PSYoungGen      total 106496K, used 98304K [0x00000000e0000000, 0x00000000ed600000, 0x0000000100000000)
  eden space 98304K, 100% used [0x00000000e0000000,0x00000000e6000000,0x00000000e6000000)
  from space 8192K, 0% used [0x00000000e6000000,0x00000000e6000000,0x00000000e6800000)
  to   space 11264K, 0% used [0x00000000ecb00000,0x00000000ecb00000,0x00000000ed600000)
 ParOldGen       total 69120K, used 7535K [0x00000000a0000000, 0x00000000a4380000, 0x00000000e0000000)
  object space 69120K, 10% used [0x00000000a0000000,0x00000000a075bc40,0x00000000a4380000)
 Metaspace       used 31043K, capacity 31680K, committed 31872K, reserved 1077248K
  class space    used 4204K, capacity 4411K, committed 4480K, reserved 1048576K
Event: 7.872 GC heap after
Heap after GC invocations=7 (full 1):
 PSYoungGen      total 184320K, used 10936K [0x00000000e0000000, 0x00000000ed600000, 0x0000000100000000)
  eden space 173056K, 0% used [0x00000000e0000000,0x00000000e0000000,0x00000000ea900000)
  from space 11264K, 97% used [0x00000000ecb00000,0x00000000ed5ae028,0x00000000ed600000)
  to   space 12800K, 0% used [0x00000000ebd00000,0x00000000ebd00000,0x00000000ec980000)
 ParOldGen       total 69120K, used 7543K [0x00000000a0000000, 0x00000000a4380000, 0x00000000e0000000)
  object space 69120K, 10% used [0x00000000a0000000,0x00000000a075dc40,0x00000000a4380000)
 Metaspace       used 31043K, capacity 31680K, committed 31872K, reserved 1077248K
  class space    used 4204K, capacity 4411K, committed 4480K, reserved 1048576K
}
Event: 9.094 GC heap before
{Heap before GC invocations=8 (full 1):
 PSYoungGen      total 184320K, used 90444K [0x00000000e0000000, 0x00000000ed600000, 0x0000000100000000)
  eden space 173056K, 45% used [0x00000000e0000000,0x00000000e4da51f0,0x00000000ea900000)
  from space 11264K, 97% used [0x00000000ecb00000,0x00000000ed5ae028,0x00000000ed600000)
  to   space 12800K, 0% used [0x00000000ebd00000,0x00000000ebd00000,0x00000000ec980000)
 ParOldGen       total 69120K, used 7543K [0x00000000a0000000, 0x00000000a4380000, 0x00000000e0000000)
  object space 69120K, 10% used [0x00000000a0000000,0x00000000a075dc40,0x00000000a4380000)
 Metaspace       used 34564K, capacity 35352K, committed 35416K, reserved 1079296K
  class space    used 4712K, capacity 4947K, committed 4992K, reserved 1048576K
Event: 9.120 GC heap after
Heap after GC invocations=8 (full 1):
 PSYoungGen      total 206336K, used 10439K [0x00000000e0000000, 0x00000000f4000000, 0x0000000100000000)
  eden space 193536K, 0% used [0x00000000e0000000,0x00000000e0000000,0x00000000ebd00000)
  from space 12800K, 81% used [0x00000000ebd00000,0x00000000ec731cc0,0x00000000ec980000)
  to   space 13312K, 0% used [0x00000000f3300000,0x00000000f3300000,0x00000000f4000000)
 ParOldGen       total 69120K, used 7551K [0x00000000a0000000, 0x00000000a4380000, 0x00000000e0000000)
  object space 69120K, 10% used [0x00000000a0000000,0x00000000a075fc40,0x00000000a4380000)
 Metaspace       used 34564K, capacity 35352K, committed 35416K, reserved 1079296K
  class space    used 4712K, capacity 4947K, committed 4992K, reserved 1048576K
}
Event: 9.120 GC heap before
{Heap before GC invocations=9 (full 2):
 PSYoungGen      total 206336K, used 10439K [0x00000000e0000000, 0x00000000f4000000, 0x0000000100000000)
  eden space 193536K, 0% used [0x00000000e0000000,0x00000000e0000000,0x00000000ebd00000)
  from space 12800K, 81% used [0x00000000ebd00000,0x00000000ec731cc0,0x00000000ec980000)
  to   space 13312K, 0% used [0x00000000f3300000,0x00000000f3300000,0x00000000f4000000)
 ParOldGen       total 69120K, used 7551K [0x00000000a0000000, 0x00000000a4380000, 0x00000000e0000000)
  object space 69120K, 10% used [0x00000000a0000000,0x00000000a075fc40,0x00000000a4380000)
 Metaspace       used 34564K, capacity 35352K, committed 35416K, reserved 1079296K
  class space    used 4712K, capacity 4947K, committed 4992K, reserved 1048576K
Event: 9.332 GC heap after
Heap after GC invocations=9 (full 2):
 PSYoungGen      total 206336K, used 0K [0x00000000e0000000, 0x00000000f4000000, 0x0000000100000000)
  eden space 193536K, 0% used [0x00000000e0000000,0x00000000e0000000,0x00000000ebd00000)
  from space 12800K, 0% used [0x00000000ebd00000,0x00000000ebd00000,0x00000000ec980000)
  to   space 13312K, 0% used [0x00000000f3300000,0x00000000f3300000,0x00000000f4000000)
 ParOldGen       total 110592K, used 16646K [0x00000000a0000000, 0x00000000a6c00000, 0x00000000e0000000)
  object space 110592K, 15% used [0x00000000a0000000,0x00000000a1041828,0x00000000a6c00000)
 Metaspace       used 34564K, capacity 35352K, committed 35416K, reserved 1079296K
  class space    used 4712K, capacity 4947K, committed 4992K, reserved 1048576K
}

