# JRE version: OpenJDK Runtime Environment (8.0_242-b01) (build 1.8.0_242-release-1644-b01)
# Java VM: OpenJDK 64-Bit Server VM (25.242-b01 mixed mode windows-amd64 compressed oops)
Heap:
 PSYoungGen      total 172544K, used 15341K [0x00000000e0000000, 0x00000000ec600000, 0x0000000100000000)
  eden space 157184K, 0% used [0x00000000e0000000,0x00000000e0000000,0x00000000e9980000)
  from space 15360K, 99% used [0x00000000ead00000,0x00000000ebbfb7c0,0x00000000ebc00000)
  to   space 19968K, 0% used [0x00000000e9980000,0x00000000e9980000,0x00000000ead00000)
 ParOldGen       total 122880K, used 27469K [0x00000000a0000000, 0x00000000a7800000, 0x00000000e0000000)
  object space 122880K, 22% used [0x00000000a0000000,0x00000000a1ad3430,0x00000000a7800000)
 Metaspace       used 57086K, capacity 59032K, committed 59160K, reserved 1099776K
  class space    used 7813K, capacity 8275K, committed 8368K, reserved 1048576K
GC Heap History (10 events):
Event: 6.555 GC heap after
Heap after GC invocations=8 (full 1):
 PSYoungGen      total 103936K, used 10048K [0x00000000e0000000, 0x00000000e9f80000, 0x0000000100000000)
  eden space 92160K, 0% used [0x00000000e0000000,0x00000000e0000000,0x00000000e5a00000)
  from space 11776K, 85% used [0x00000000e5a00000,0x00000000e63d0108,0x00000000e6580000)
  to   space 12288K, 0% used [0x00000000e9380000,0x00000000e9380000,0x00000000e9f80000)
 ParOldGen       total 72704K, used 7744K [0x00000000a0000000, 0x00000000a4700000, 0x00000000e0000000)
  object space 72704K, 10% used [0x00000000a0000000,0x00000000a07901d8,0x00000000a4700000)
 Metaspace       used 32667K, capacity 33388K, committed 33712K, reserved 1079296K
  class space    used 4453K, capacity 4677K, committed 4784K, reserved 1048576K
}
Event: 7.592 GC heap before
{Heap before GC invocations=9 (full 1):
 PSYoungGen      total 103936K, used 50486K [0x00000000e0000000, 0x00000000e9f80000, 0x0000000100000000)
  eden space 92160K, 43% used [0x00000000e0000000,0x00000000e277d978,0x00000000e5a00000)
  from space 11776K, 85% used [0x00000000e5a00000,0x00000000e63d0108,0x00000000e6580000)
  to   space 12288K, 0% used [0x00000000e9380000,0x00000000e9380000,0x00000000e9f80000)
 ParOldGen       total 72704K, used 7744K [0x00000000a0000000, 0x00000000a4700000, 0x00000000e0000000)
  object space 72704K, 10% used [0x00000000a0000000,0x00000000a07901d8,0x00000000a4700000)
 Metaspace       used 34529K, capacity 35386K, committed 35496K, reserved 1079296K
  class space    used 4723K, capacity 4970K, committed 5040K, reserved 1048576K
Event: 7.627 GC heap after
Heap after GC invocations=9 (full 1):
 PSYoungGen      total 151040K, used 8435K [0x00000000e0000000, 0x00000000eb000000, 0x0000000100000000)
  eden space 138752K, 0% used [0x00000000e0000000,0x00000000e0000000,0x00000000e8780000)
  from space 12288K, 68% used [0x00000000e9380000,0x00000000e9bbcda8,0x00000000e9f80000)
  to   space 12288K, 0% used [0x00000000e8780000,0x00000000e8780000,0x00000000e9380000)
 ParOldGen       total 72704K, used 7744K [0x00000000a0000000, 0x00000000a4700000, 0x00000000e0000000)
  object space 72704K, 10% used [0x00000000a0000000,0x00000000a07901d8,0x00000000a4700000)
 Metaspace       used 34529K, capacity 35386K, committed 35496K, reserved 1079296K
  class space    used 4723K, capacity 4970K, committed 5040K, reserved 1048576K
}
Event: 7.627 GC heap before
{Heap before GC invocations=10 (full 2):
 PSYoungGen      total 151040K, used 8435K [0x00000000e0000000, 0x00000000eb000000, 0x0000000100000000)
  eden space 138752K, 0% used [0x00000000e0000000,0x00000000e0000000,0x00000000e8780000)
  from space 12288K, 68% used [0x00000000e9380000,0x00000000e9bbcda8,0x00000000e9f80000)
  to   space 12288K, 0% used [0x00000000e8780000,0x00000000e8780000,0x00000000e9380000)
 ParOldGen       total 72704K, used 7744K [0x00000000a0000000, 0x00000000a4700000, 0x00000000e0000000)
  object space 72704K, 10% used [0x00000000a0000000,0x00000000a07901d8,0x00000000a4700000)
 Metaspace       used 34529K, capacity 35386K, committed 35496K, reserved 1079296K
  class space    used 4723K, capacity 4970K, committed 5040K, reserved 1048576K
Event: 7.957 GC heap after
Heap after GC invocations=10 (full 2):
 PSYoungGen      total 151040K, used 0K [0x00000000e0000000, 0x00000000eb000000, 0x0000000100000000)
  eden space 138752K, 0% used [0x00000000e0000000,0x00000000e0000000,0x00000000e8780000)
  from space 12288K, 0% used [0x00000000e9380000,0x00000000e9380000,0x00000000e9f80000)
  to   space 12288K, 0% used [0x00000000e8780000,0x00000000e8780000,0x00000000e9380000)
 ParOldGen       total 122880K, used 14974K [0x00000000a0000000, 0x00000000a7800000, 0x00000000e0000000)
  object space 122880K, 12% used [0x00000000a0000000,0x00000000a0e9fb80,0x00000000a7800000)
 Metaspace       used 34529K, capacity 35386K, committed 35496K, reserved 1079296K
  class space    used 4723K, capacity 4970K, committed 5040K, reserved 1048576K
}
Event: 11.285 GC heap before
{Heap before GC invocations=11 (full 2):
 PSYoungGen      total 151040K, used 138752K [0x00000000e0000000, 0x00000000eb000000, 0x0000000100000000)
  eden space 138752K, 100% used [0x00000000e0000000,0x00000000e8780000,0x00000000e8780000)
  from space 12288K, 0% used [0x00000000e9380000,0x00000000e9380000,0x00000000e9f80000)
  to   space 12288K, 0% used [0x00000000e8780000,0x00000000e8780000,0x00000000e9380000)
 ParOldGen       total 122880K, used 14974K [0x00000000a0000000, 0x00000000a7800000, 0x00000000e0000000)
  object space 122880K, 12% used [0x00000000a0000000,0x00000000a0e9fb80,0x00000000a7800000)
 Metaspace       used 46110K, capacity 47610K, committed 47912K, reserved 1091584K
  class space    used 6213K, capacity 6585K, committed 6704K, reserved 1048576K
Event: 11.308 GC heap after
Heap after GC invocations=11 (full 2):
 PSYoungGen      total 151040K, used 12287K [0x00000000e0000000, 0x00000000ebc00000, 0x0000000100000000)
  eden space 138752K, 0% used [0x00000000e0000000,0x00000000e0000000,0x00000000e8780000)
  from space 12288K, 99% used [0x00000000e8780000,0x00000000e937fd68,0x00000000e9380000)
  to   space 15360K, 0% used [0x00000000ead00000,0x00000000ead00000,0x00000000ebc00000)
 ParOldGen       total 122880K, used 19580K [0x00000000a0000000, 0x00000000a7800000, 0x00000000e0000000)
  object space 122880K, 15% used [0x00000000a0000000,0x00000000a131f0c8,0x00000000a7800000)
 Metaspace       used 46110K, capacity 47610K, committed 47912K, reserved 1091584K
  class space    used 6213K, capacity 6585K, committed 6704K, reserved 1048576K
}
Event: 13.283 GC heap before
{Heap before GC invocations=12 (full 2):
 PSYoungGen      total 151040K, used 141245K [0x00000000e0000000, 0x00000000ebc00000, 0x0000000100000000)
  eden space 138752K, 92% used [0x00000000e0000000,0x00000000e7def8d8,0x00000000e8780000)
  from space 12288K, 99% used [0x00000000e8780000,0x00000000e937fd68,0x00000000e9380000)
  to   space 15360K, 0% used [0x00000000ead00000,0x00000000ead00000,0x00000000ebc00000)
 ParOldGen       total 122880K, used 19580K [0x00000000a0000000, 0x00000000a7800000, 0x00000000e0000000)
  object space 122880K, 15% used [0x00000000a0000000,0x00000000a131f0c8,0x00000000a7800000)
 Metaspace       used 57086K, capacity 59032K, committed 59160K, reserved 1099776K
  class space    used 7813K, capacity 8275K, committed 8368K, reserved 1048576K
Event: 13.331 GC heap after
Heap after GC invocations=12 (full 2):
 PSYoungGen      total 172544K, used 15341K [0x00000000e0000000, 0x00000000ec600000, 0x0000000100000000)
  eden space 157184K, 0% used [0x00000000e0000000,0x00000000e0000000,0x00000000e9980000)
  from space 15360K, 99% used [0x00000000ead00000,0x00000000ebbfb7c0,0x00000000ebc00000)
  to   space 19968K, 0% used [0x00000000e9980000,0x00000000e9980000,0x00000000ead00000)
 ParOldGen       total 122880K, used 27469K [0x00000000a0000000, 0x00000000a7800000, 0x00000000e0000000)
  object space 122880K, 22% used [0x00000000a0000000,0x00000000a1ad3430,0x00000000a7800000)
 Metaspace       used 57086K, capacity 59032K, committed 59160K, reserved 1099776K
  class space    used 7813K, capacity 8275K, committed 8368K, reserved 1048576K
}
Event: 13.331 GC heap before
{Heap before GC invocations=13 (full 3):
 PSYoungGen      total 172544K, used 15341K [0x00000000e0000000, 0x00000000ec600000, 0x0000000100000000)
  eden space 157184K, 0% used [0x00000000e0000000,0x00000000e0000000,0x00000000e9980000)
  from space 15360K, 99% used [0x00000000ead00000,0x00000000ebbfb7c0,0x00000000ebc00000)
  to   space 19968K, 0% used [0x00000000e9980000,0x00000000e9980000,0x00000000ead00000)
 ParOldGen       total 122880K, used 27469K [0x00000000a0000000, 0x00000000a7800000, 0x00000000e0000000)
  object space 122880K, 22% used [0x00000000a0000000,0x00000000a1ad3430,0x00000000a7800000)
 Metaspace       used 57086K, capacity 59032K, committed 59160K, reserved 1099776K
  class space    used 7813K, capacity 8275K, committed 8368K, reserved 1048576K

