# JRE version: OpenJDK Runtime Environment (8.0_212-b04) (build 1.8.0_212-release-1586-b04)
# Java VM: OpenJDK 64-Bit Server VM (25.212-b04 mixed mode windows-amd64 compressed oops)
Heap:
 PSYoungGen      total 206848K, used 132693K [0x00000000e0000000, 0x00000000f7200000, 0x0000000100000000)
  eden space 193536K, 68% used [0x00000000e0000000,0x00000000e8195568,0x00000000ebd00000)
  from space 13312K, 0% used [0x00000000ebd00000,0x00000000ebd00000,0x00000000eca00000)
  to   space 14336K, 0% used [0x00000000f6400000,0x00000000f6400000,0x00000000f7200000)
 ParOldGen       total 89600K, used 18236K [0x00000000a0000000, 0x00000000a5780000, 0x00000000e0000000)
  object space 89600K, 20% used [0x00000000a0000000,0x00000000a11cf290,0x00000000a5780000)
 Metaspace       used 47857K, capacity 49036K, committed 49280K, reserved 1091584K
  class space    used 6396K, capacity 6749K, committed 6784K, reserved 1048576K
GC Heap History (10 events):
Event: 4.807 GC heap before
{Heap before GC invocations=5 (full 0):
 PSYoungGen      total 106496K, used 9497K [0x00000000e0000000, 0x00000000e7000000, 0x0000000100000000)
  eden space 98304K, 1% used [0x00000000e0000000,0x00000000e014b788,0x00000000e6000000)
  from space 8192K, 99% used [0x00000000e6800000,0x00000000e6ffaff0,0x00000000e7000000)
  to   space 8192K, 0% used [0x00000000e6000000,0x00000000e6000000,0x00000000e6800000)
 ParOldGen       total 131072K, used 4441K [0x00000000a0000000, 0x00000000a8000000, 0x00000000e0000000)
  object space 131072K, 3% used [0x00000000a0000000,0x00000000a0456458,0x00000000a8000000)
 Metaspace       used 20759K, capacity 21214K, committed 21296K, reserved 1067008K
  class space    used 2996K, capacity 3165K, committed 3200K, reserved 1048576K
Event: 4.816 GC heap after
Heap after GC invocations=5 (full 0):
 PSYoungGen      total 106496K, used 7321K [0x00000000e0000000, 0x00000000ed900000, 0x0000000100000000)
  eden space 98304K, 0% used [0x00000000e0000000,0x00000000e0000000,0x00000000e6000000)
  from space 8192K, 89% used [0x00000000e6000000,0x00000000e6726790,0x00000000e6800000)
  to   space 12800K, 0% used [0x00000000ecc80000,0x00000000ecc80000,0x00000000ed900000)
 ParOldGen       total 131072K, used 4449K [0x00000000a0000000, 0x00000000a8000000, 0x00000000e0000000)
  object space 131072K, 3% used [0x00000000a0000000,0x00000000a0458458,0x00000000a8000000)
 Metaspace       used 20759K, capacity 21214K, committed 21296K, reserved 1067008K
  class space    used 2996K, capacity 3165K, committed 3200K, reserved 1048576K
}
Event: 4.816 GC heap before
{Heap before GC invocations=6 (full 1):
 PSYoungGen      total 106496K, used 7321K [0x00000000e0000000, 0x00000000ed900000, 0x0000000100000000)
  eden space 98304K, 0% used [0x00000000e0000000,0x00000000e0000000,0x00000000e6000000)
  from space 8192K, 89% used [0x00000000e6000000,0x00000000e6726790,0x00000000e6800000)
  to   space 12800K, 0% used [0x00000000ecc80000,0x00000000ecc80000,0x00000000ed900000)
 ParOldGen       total 131072K, used 4449K [0x00000000a0000000, 0x00000000a8000000, 0x00000000e0000000)
  object space 131072K, 3% used [0x00000000a0000000,0x00000000a0458458,0x00000000a8000000)
 Metaspace       used 20759K, capacity 21214K, committed 21296K, reserved 1067008K
  class space    used 2996K, capacity 3165K, committed 3200K, reserved 1048576K
Event: 4.882 GC heap after
Heap after GC invocations=6 (full 1):
 PSYoungGen      total 106496K, used 0K [0x00000000e0000000, 0x00000000ed900000, 0x0000000100000000)
  eden space 98304K, 0% used [0x00000000e0000000,0x00000000e0000000,0x00000000e6000000)
  from space 8192K, 0% used [0x00000000e6000000,0x00000000e6000000,0x00000000e6800000)
  to   space 12800K, 0% used [0x00000000ecc80000,0x00000000ecc80000,0x00000000ed900000)
 ParOldGen       total 64512K, used 7693K [0x00000000a0000000, 0x00000000a3f00000, 0x00000000e0000000)
  object space 64512K, 11% used [0x00000000a0000000,0x00000000a0783568,0x00000000a3f00000)
 Metaspace       used 20759K, capacity 21214K, committed 21296K, reserved 1067008K
  class space    used 2996K, capacity 3165K, committed 3200K, reserved 1048576K
}
Event: 6.592 GC heap before
{Heap before GC invocations=7 (full 1):
 PSYoungGen      total 106496K, used 98304K [0x00000000e0000000, 0x00000000ed900000, 0x0000000100000000)
  eden space 98304K, 100% used [0x00000000e0000000,0x00000000e6000000,0x00000000e6000000)
  from space 8192K, 0% used [0x00000000e6000000,0x00000000e6000000,0x00000000e6800000)
  to   space 12800K, 0% used [0x00000000ecc80000,0x00000000ecc80000,0x00000000ed900000)
 ParOldGen       total 64512K, used 7693K [0x00000000a0000000, 0x00000000a3f00000, 0x00000000e0000000)
  object space 64512K, 11% used [0x00000000a0000000,0x00000000a0783568,0x00000000a3f00000)
 Metaspace       used 30500K, capacity 31096K, committed 31232K, reserved 1077248K
  class space    used 4133K, capacity 4339K, committed 4352K, reserved 1048576K
Event: 6.608 GC heap after
Heap after GC invocations=7 (full 1):
 PSYoungGen      total 197632K, used 10418K [0x00000000e0000000, 0x00000000ed700000, 0x0000000100000000)
  eden space 186880K, 0% used [0x00000000e0000000,0x00000000e0000000,0x00000000eb680000)
  from space 10752K, 96% used [0x00000000ecc80000,0x00000000ed6ac818,0x00000000ed700000)
  to   space 13312K, 0% used [0x00000000ebd00000,0x00000000ebd00000,0x00000000eca00000)
 ParOldGen       total 64512K, used 7701K [0x00000000a0000000, 0x00000000a3f00000, 0x00000000e0000000)
  object space 64512K, 11% used [0x00000000a0000000,0x00000000a0785568,0x00000000a3f00000)
 Metaspace       used 30500K, capacity 31096K, committed 31232K, reserved 1077248K
  class space    used 4133K, capacity 4339K, committed 4352K, reserved 1048576K
}
Event: 8.413 GC heap before
{Heap before GC invocations=8 (full 1):
 PSYoungGen      total 197632K, used 114431K [0x00000000e0000000, 0x00000000ed700000, 0x0000000100000000)
  eden space 186880K, 55% used [0x00000000e0000000,0x00000000e6593788,0x00000000eb680000)
  from space 10752K, 96% used [0x00000000ecc80000,0x00000000ed6ac818,0x00000000ed700000)
  to   space 13312K, 0% used [0x00000000ebd00000,0x00000000ebd00000,0x00000000eca00000)
 ParOldGen       total 64512K, used 7701K [0x00000000a0000000, 0x00000000a3f00000, 0x00000000e0000000)
  object space 64512K, 11% used [0x00000000a0000000,0x00000000a0785568,0x00000000a3f00000)
 Metaspace       used 34650K, capacity 35428K, committed 35496K, reserved 1079296K
  class space    used 4746K, capacity 4961K, committed 4992K, reserved 1048576K
Event: 8.434 GC heap after
Heap after GC invocations=8 (full 1):
 PSYoungGen      total 206848K, used 11584K [0x00000000e0000000, 0x00000000f7200000, 0x0000000100000000)
  eden space 193536K, 0% used [0x00000000e0000000,0x00000000e0000000,0x00000000ebd00000)
  from space 13312K, 87% used [0x00000000ebd00000,0x00000000ec850138,0x00000000eca00000)
  to   space 14336K, 0% used [0x00000000f6400000,0x00000000f6400000,0x00000000f7200000)
 ParOldGen       total 64512K, used 7709K [0x00000000a0000000, 0x00000000a3f00000, 0x00000000e0000000)
  object space 64512K, 11% used [0x00000000a0000000,0x00000000a0787568,0x00000000a3f00000)
 Metaspace       used 34650K, capacity 35428K, committed 35496K, reserved 1079296K
  class space    used 4746K, capacity 4961K, committed 4992K, reserved 1048576K
}
Event: 8.434 GC heap before
{Heap before GC invocations=9 (full 2):
 PSYoungGen      total 206848K, used 11584K [0x00000000e0000000, 0x00000000f7200000, 0x0000000100000000)
  eden space 193536K, 0% used [0x00000000e0000000,0x00000000e0000000,0x00000000ebd00000)
  from space 13312K, 87% used [0x00000000ebd00000,0x00000000ec850138,0x00000000eca00000)
  to   space 14336K, 0% used [0x00000000f6400000,0x00000000f6400000,0x00000000f7200000)
 ParOldGen       total 64512K, used 7709K [0x00000000a0000000, 0x00000000a3f00000, 0x00000000e0000000)
  object space 64512K, 11% used [0x00000000a0000000,0x00000000a0787568,0x00000000a3f00000)
 Metaspace       used 34650K, capacity 35428K, committed 35496K, reserved 1079296K
  class space    used 4746K, capacity 4961K, committed 4992K, reserved 1048576K
Event: 8.650 GC heap after
Heap after GC invocations=9 (full 2):
 PSYoungGen      total 206848K, used 0K [0x00000000e0000000, 0x00000000f7200000, 0x0000000100000000)
  eden space 193536K, 0% used [0x00000000e0000000,0x00000000e0000000,0x00000000ebd00000)
  from space 13312K, 0% used [0x00000000ebd00000,0x00000000ebd00000,0x00000000eca00000)
  to   space 14336K, 0% used [0x00000000f6400000,0x00000000f6400000,0x00000000f7200000)
 ParOldGen       total 89600K, used 18236K [0x00000000a0000000, 0x00000000a5780000, 0x00000000e0000000)
  object space 89600K, 20% used [0x00000000a0000000,0x00000000a11cf290,0x00000000a5780000)
 Metaspace       used 34650K, capacity 35428K, committed 35496K, reserved 1079296K
  class space    used 4746K, capacity 4961K, committed 4992K, reserved 1048576K
}

