# JRE version: OpenJDK Runtime Environment (8.0_242-b01) (build 1.8.0_242-release-1644-b01)
# Java VM: OpenJDK 64-Bit Server VM (25.242-b01 mixed mode windows-amd64 compressed oops)
Heap:
 PSYoungGen      total 279040K, used 92856K [0x00000000e0000000, 0x00000000f2900000, 0x0000000100000000)
  eden space 253952K, 26% used [0x00000000e0000000,0x00000000e422f7f8,0x00000000ef800000)
  from space 25088K, 99% used [0x00000000ef800000,0x00000000f107ea60,0x00000000f1080000)
  to   space 24064K, 0% used [0x00000000f1180000,0x00000000f1180000,0x00000000f2900000)
 ParOldGen       total 164352K, used 69722K [0x00000000a0000000, 0x00000000aa080000, 0x00000000e0000000)
  object space 164352K, 42% used [0x00000000a0000000,0x00000000a44169f0,0x00000000aa080000)
 Metaspace       used 88622K, capacity 92726K, committed 92760K, reserved 1130496K
  class space    used 11598K, capacity 12416K, committed 12416K, reserved 1048576K
GC Heap History (10 events):
Event: 26.531 GC heap before
{Heap before GC invocations=14 (full 3):
 PSYoungGen      total 208384K, used 192512K [0x00000000e0000000, 0x00000000ee800000, 0x0000000100000000)
  eden space 192512K, 100% used [0x00000000e0000000,0x00000000ebc00000,0x00000000ebc00000)
  from space 15872K, 0% used [0x00000000ecf80000,0x00000000ecf80000,0x00000000edf00000)
  to   space 19968K, 0% used [0x00000000ebc00000,0x00000000ebc00000,0x00000000ecf80000)
 ParOldGen       total 164352K, used 33890K [0x00000000a0000000, 0x00000000aa080000, 0x00000000e0000000)
  object space 164352K, 20% used [0x00000000a0000000,0x00000000a2118920,0x00000000aa080000)
 Metaspace       used 62543K, capacity 65048K, committed 65240K, reserved 1105920K
  class space    used 8576K, capacity 9113K, committed 9216K, reserved 1048576K
Event: 26.570 GC heap after
Heap after GC invocations=14 (full 3):
 PSYoungGen      total 212480K, used 19960K [0x00000000e0000000, 0x00000000f0c80000, 0x0000000100000000)
  eden space 192512K, 0% used [0x00000000e0000000,0x00000000e0000000,0x00000000ebc00000)
  from space 19968K, 99% used [0x00000000ebc00000,0x00000000ecf7e010,0x00000000ecf80000)
  to   space 23040K, 0% used [0x00000000ef600000,0x00000000ef600000,0x00000000f0c80000)
 ParOldGen       total 164352K, used 34503K [0x00000000a0000000, 0x00000000aa080000, 0x00000000e0000000)
  object space 164352K, 20% used [0x00000000a0000000,0x00000000a21b1f98,0x00000000aa080000)
 Metaspace       used 62543K, capacity 65048K, committed 65240K, reserved 1105920K
  class space    used 8576K, capacity 9113K, committed 9216K, reserved 1048576K
}
Event: 41.741 GC heap before
{Heap before GC invocations=15 (full 3):
 PSYoungGen      total 212480K, used 212472K [0x00000000e0000000, 0x00000000f0c80000, 0x0000000100000000)
  eden space 192512K, 100% used [0x00000000e0000000,0x00000000ebc00000,0x00000000ebc00000)
  from space 19968K, 99% used [0x00000000ebc00000,0x00000000ecf7e010,0x00000000ecf80000)
  to   space 23040K, 0% used [0x00000000ef600000,0x00000000ef600000,0x00000000f0c80000)
 ParOldGen       total 164352K, used 34503K [0x00000000a0000000, 0x00000000aa080000, 0x00000000e0000000)
  object space 164352K, 20% used [0x00000000a0000000,0x00000000a21b1f98,0x00000000aa080000)
 Metaspace       used 70097K, capacity 72858K, committed 72920K, reserved 1112064K
  class space    used 9393K, capacity 9934K, committed 9984K, reserved 1048576K
Event: 41.769 GC heap after
Heap after GC invocations=15 (full 3):
 PSYoungGen      total 237568K, used 11763K [0x00000000e0000000, 0x00000000f0480000, 0x0000000100000000)
  eden space 222720K, 0% used [0x00000000e0000000,0x00000000e0000000,0x00000000ed980000)
  from space 14848K, 79% used [0x00000000ef600000,0x00000000f017ccc0,0x00000000f0480000)
  to   space 22016K, 0% used [0x00000000ed980000,0x00000000ed980000,0x00000000eef00000)
 ParOldGen       total 164352K, used 45204K [0x00000000a0000000, 0x00000000aa080000, 0x00000000e0000000)
  object space 164352K, 27% used [0x00000000a0000000,0x00000000a2c25348,0x00000000aa080000)
 Metaspace       used 70097K, capacity 72858K, committed 72920K, reserved 1112064K
  class space    used 9393K, capacity 9934K, committed 9984K, reserved 1048576K
}
Event: 49.193 GC heap before
{Heap before GC invocations=16 (full 3):
 PSYoungGen      total 237568K, used 234483K [0x00000000e0000000, 0x00000000f0480000, 0x0000000100000000)
  eden space 222720K, 100% used [0x00000000e0000000,0x00000000ed980000,0x00000000ed980000)
  from space 14848K, 79% used [0x00000000ef600000,0x00000000f017ccc0,0x00000000f0480000)
  to   space 22016K, 0% used [0x00000000ed980000,0x00000000ed980000,0x00000000eef00000)
 ParOldGen       total 164352K, used 45204K [0x00000000a0000000, 0x00000000aa080000, 0x00000000e0000000)
  object space 164352K, 27% used [0x00000000a0000000,0x00000000a2c25348,0x00000000aa080000)
 Metaspace       used 80199K, capacity 83368K, committed 83416K, reserved 1122304K
  class space    used 10553K, capacity 11217K, committed 11264K, reserved 1048576K
Event: 49.266 GC heap after
Heap after GC invocations=16 (full 3):
 PSYoungGen      total 244736K, used 20440K [0x00000000e0000000, 0x00000000f2900000, 0x0000000100000000)
  eden space 222720K, 0% used [0x00000000e0000000,0x00000000e0000000,0x00000000ed980000)
  from space 22016K, 92% used [0x00000000ed980000,0x00000000eed76088,0x00000000eef00000)
  to   space 24064K, 0% used [0x00000000f1180000,0x00000000f1180000,0x00000000f2900000)
 ParOldGen       total 164352K, used 45220K [0x00000000a0000000, 0x00000000aa080000, 0x00000000e0000000)
  object space 164352K, 27% used [0x00000000a0000000,0x00000000a2c29348,0x00000000aa080000)
 Metaspace       used 80199K, capacity 83368K, committed 83416K, reserved 1122304K
  class space    used 10553K, capacity 11217K, committed 11264K, reserved 1048576K
}
Event: 53.990 GC heap before
{Heap before GC invocations=17 (full 3):
 PSYoungGen      total 244736K, used 243160K [0x00000000e0000000, 0x00000000f2900000, 0x0000000100000000)
  eden space 222720K, 100% used [0x00000000e0000000,0x00000000ed980000,0x00000000ed980000)
  from space 22016K, 92% used [0x00000000ed980000,0x00000000eed76088,0x00000000eef00000)
  to   space 24064K, 0% used [0x00000000f1180000,0x00000000f1180000,0x00000000f2900000)
 ParOldGen       total 164352K, used 45220K [0x00000000a0000000, 0x00000000aa080000, 0x00000000e0000000)
  object space 164352K, 27% used [0x00000000a0000000,0x00000000a2c29348,0x00000000aa080000)
 Metaspace       used 87286K, capacity 91296K, committed 91352K, reserved 1128448K
  class space    used 11474K, capacity 12279K, committed 12288K, reserved 1048576K
Event: 54.026 GC heap after
Heap after GC invocations=17 (full 3):
 PSYoungGen      total 278016K, used 17742K [0x00000000e0000000, 0x00000000f2900000, 0x0000000100000000)
  eden space 253952K, 0% used [0x00000000e0000000,0x00000000e0000000,0x00000000ef800000)
  from space 24064K, 73% used [0x00000000f1180000,0x00000000f22d38b8,0x00000000f2900000)
  to   space 25088K, 0% used [0x00000000ef800000,0x00000000ef800000,0x00000000f1080000)
 ParOldGen       total 164352K, used 45228K [0x00000000a0000000, 0x00000000aa080000, 0x00000000e0000000)
  object space 164352K, 27% used [0x00000000a0000000,0x00000000a2c2b348,0x00000000aa080000)
 Metaspace       used 87286K, capacity 91296K, committed 91352K, reserved 1128448K
  class space    used 11474K, capacity 12279K, committed 12288K, reserved 1048576K
}
Event: 57.406 GC heap before
{Heap before GC invocations=18 (full 3):
 PSYoungGen      total 278016K, used 269316K [0x00000000e0000000, 0x00000000f2900000, 0x0000000100000000)
  eden space 253952K, 99% used [0x00000000e0000000,0x00000000ef5adac0,0x00000000ef800000)
  from space 24064K, 73% used [0x00000000f1180000,0x00000000f22d38b8,0x00000000f2900000)
  to   space 25088K, 0% used [0x00000000ef800000,0x00000000ef800000,0x00000000f1080000)
 ParOldGen       total 164352K, used 45228K [0x00000000a0000000, 0x00000000aa080000, 0x00000000e0000000)
  object space 164352K, 27% used [0x00000000a0000000,0x00000000a2c2b348,0x00000000aa080000)
 Metaspace       used 88542K, capacity 92718K, committed 92760K, reserved 1130496K
  class space    used 11597K, capacity 12416K, committed 12416K, reserved 1048576K
Event: 57.517 GC heap after
Heap after GC invocations=18 (full 3):
 PSYoungGen      total 279040K, used 25082K [0x00000000e0000000, 0x00000000f2900000, 0x0000000100000000)
  eden space 253952K, 0% used [0x00000000e0000000,0x00000000e0000000,0x00000000ef800000)
  from space 25088K, 99% used [0x00000000ef800000,0x00000000f107ea60,0x00000000f1080000)
  to   space 24064K, 0% used [0x00000000f1180000,0x00000000f1180000,0x00000000f2900000)
 ParOldGen       total 164352K, used 69722K [0x00000000a0000000, 0x00000000aa080000, 0x00000000e0000000)
  object space 164352K, 42% used [0x00000000a0000000,0x00000000a44169f0,0x00000000aa080000)
 Metaspace       used 88542K, capacity 92718K, committed 92760K, reserved 1130496K
  class space    used 11597K, capacity 12416K, committed 12416K, reserved 1048576K
}

