# JRE version: OpenJDK Runtime Environment (8.0_242-b01) (build 1.8.0_242-release-1644-b01)
# Java VM: OpenJDK 64-Bit Server VM (25.242-b01 mixed mode windows-amd64 compressed oops)
Heap:
 PSYoungGen      total 400896K, used 112117K [0x00000000e0000000, 0x00000000fa780000, 0x0000000100000000)
  eden space 373248K, 26% used [0x00000000e0000000,0x00000000e5ec7fa0,0x00000000f6c80000)
  from space 27648K, 54% used [0x00000000f8c80000,0x00000000f9b35850,0x00000000fa780000)
  to   space 30208K, 0% used [0x00000000f6c80000,0x00000000f6c80000,0x00000000f8a00000)
 ParOldGen       total 135168K, used 58074K [0x00000000a0000000, 0x00000000a8400000, 0x00000000e0000000)
  object space 135168K, 42% used [0x00000000a0000000,0x00000000a38b6b90,0x00000000a8400000)
 Metaspace       used 92414K, capacity 96304K, committed 96560K, reserved 1132544K
  class space    used 11931K, capacity 12740K, committed 12848K, reserved 1048576K
GC Heap History (10 events):
Event: 21.386 GC heap before
{Heap before GC invocations=13 (full 2):
 PSYoungGen      total 213504K, used 21512K [0x00000000e0000000, 0x00000000eed00000, 0x0000000100000000)
  eden space 199680K, 3% used [0x00000000e0000000,0x00000000e0787030,0x00000000ec300000)
  from space 13824K, 99% used [0x00000000ed680000,0x00000000ee3fb330,0x00000000ee400000)
  to   space 19968K, 0% used [0x00000000ec300000,0x00000000ec300000,0x00000000ed680000)
 ParOldGen       total 96256K, used 25864K [0x00000000a0000000, 0x00000000a5e00000, 0x00000000e0000000)
  object space 96256K, 26% used [0x00000000a0000000,0x00000000a1942028,0x00000000a5e00000)
 Metaspace       used 56945K, capacity 59088K, committed 59160K, reserved 1099776K
  class space    used 7591K, capacity 8072K, committed 8112K, reserved 1048576K
Event: 21.430 GC heap after
Heap after GC invocations=13 (full 2):
 PSYoungGen      total 219648K, used 1260K [0x00000000e0000000, 0x00000000f4200000, 0x0000000100000000)
  eden space 199680K, 0% used [0x00000000e0000000,0x00000000e0000000,0x00000000ec300000)
  from space 19968K, 6% used [0x00000000ec300000,0x00000000ec43b0f8,0x00000000ed680000)
  to   space 20480K, 0% used [0x00000000f2e00000,0x00000000f2e00000,0x00000000f4200000)
 ParOldGen       total 96256K, used 39589K [0x00000000a0000000, 0x00000000a5e00000, 0x00000000e0000000)
  object space 96256K, 41% used [0x00000000a0000000,0x00000000a26a96b8,0x00000000a5e00000)
 Metaspace       used 56945K, capacity 59088K, committed 59160K, reserved 1099776K
  class space    used 7591K, capacity 8072K, committed 8112K, reserved 1048576K
}
Event: 21.430 GC heap before
{Heap before GC invocations=14 (full 3):
 PSYoungGen      total 219648K, used 1260K [0x00000000e0000000, 0x00000000f4200000, 0x0000000100000000)
  eden space 199680K, 0% used [0x00000000e0000000,0x00000000e0000000,0x00000000ec300000)
  from space 19968K, 6% used [0x00000000ec300000,0x00000000ec43b0f8,0x00000000ed680000)
  to   space 20480K, 0% used [0x00000000f2e00000,0x00000000f2e00000,0x00000000f4200000)
 ParOldGen       total 96256K, used 39589K [0x00000000a0000000, 0x00000000a5e00000, 0x00000000e0000000)
  object space 96256K, 41% used [0x00000000a0000000,0x00000000a26a96b8,0x00000000a5e00000)
 Metaspace       used 56945K, capacity 59088K, committed 59160K, reserved 1099776K
  class space    used 7591K, capacity 8072K, committed 8112K, reserved 1048576K
Event: 21.796 GC heap after
Heap after GC invocations=14 (full 3):
 PSYoungGen      total 219648K, used 0K [0x00000000e0000000, 0x00000000f4200000, 0x0000000100000000)
  eden space 199680K, 0% used [0x00000000e0000000,0x00000000e0000000,0x00000000ec300000)
  from space 19968K, 0% used [0x00000000ec300000,0x00000000ec300000,0x00000000ed680000)
  to   space 20480K, 0% used [0x00000000f2e00000,0x00000000f2e00000,0x00000000f4200000)
 ParOldGen       total 135168K, used 29762K [0x00000000a0000000, 0x00000000a8400000, 0x00000000e0000000)
  object space 135168K, 22% used [0x00000000a0000000,0x00000000a1d10a80,0x00000000a8400000)
 Metaspace       used 56871K, capacity 58890K, committed 59160K, reserved 1099776K
  class space    used 7572K, capacity 8051K, committed 8112K, reserved 1048576K
}
Event: 26.164 GC heap before
{Heap before GC invocations=15 (full 3):
 PSYoungGen      total 219648K, used 199680K [0x00000000e0000000, 0x00000000f4200000, 0x0000000100000000)
  eden space 199680K, 100% used [0x00000000e0000000,0x00000000ec300000,0x00000000ec300000)
  from space 19968K, 0% used [0x00000000ec300000,0x00000000ec300000,0x00000000ed680000)
  to   space 20480K, 0% used [0x00000000f2e00000,0x00000000f2e00000,0x00000000f4200000)
 ParOldGen       total 135168K, used 29762K [0x00000000a0000000, 0x00000000a8400000, 0x00000000e0000000)
  object space 135168K, 22% used [0x00000000a0000000,0x00000000a1d10a80,0x00000000a8400000)
 Metaspace       used 67629K, capacity 70058K, committed 70192K, reserved 1110016K
  class space    used 9130K, capacity 9676K, committed 9776K, reserved 1048576K
Event: 26.198 GC heap after
Heap after GC invocations=15 (full 3):
 PSYoungGen      total 295424K, used 17618K [0x00000000e0000000, 0x00000000f3f80000, 0x0000000100000000)
  eden space 277504K, 0% used [0x00000000e0000000,0x00000000e0000000,0x00000000f0f00000)
  from space 17920K, 98% used [0x00000000f2e00000,0x00000000f3f34ad8,0x00000000f3f80000)
  to   space 22528K, 0% used [0x00000000f1380000,0x00000000f1380000,0x00000000f2980000)
 ParOldGen       total 135168K, used 29762K [0x00000000a0000000, 0x00000000a8400000, 0x00000000e0000000)
  object space 135168K, 22% used [0x00000000a0000000,0x00000000a1d10a80,0x00000000a8400000)
 Metaspace       used 67629K, capacity 70058K, committed 70192K, reserved 1110016K
  class space    used 9130K, capacity 9676K, committed 9776K, reserved 1048576K
}
Event: 339.725 GC heap before
{Heap before GC invocations=16 (full 3):
 PSYoungGen      total 295424K, used 295122K [0x00000000e0000000, 0x00000000f3f80000, 0x0000000100000000)
  eden space 277504K, 100% used [0x00000000e0000000,0x00000000f0f00000,0x00000000f0f00000)
  from space 17920K, 98% used [0x00000000f2e00000,0x00000000f3f34ad8,0x00000000f3f80000)
  to   space 22528K, 0% used [0x00000000f1380000,0x00000000f1380000,0x00000000f2980000)
 ParOldGen       total 135168K, used 29762K [0x00000000a0000000, 0x00000000a8400000, 0x00000000e0000000)
  object space 135168K, 22% used [0x00000000a0000000,0x00000000a1d10a80,0x00000000a8400000)
 Metaspace       used 83925K, capacity 87300K, committed 87600K, reserved 1124352K
  class space    used 11017K, capacity 11740K, committed 11824K, reserved 1048576K
Event: 339.824 GC heap after
Heap after GC invocations=16 (full 3):
 PSYoungGen      total 304640K, used 22518K [0x00000000e0000000, 0x00000000fab00000, 0x0000000100000000)
  eden space 282112K, 0% used [0x00000000e0000000,0x00000000e0000000,0x00000000f1380000)
  from space 22528K, 99% used [0x00000000f1380000,0x00000000f297dac8,0x00000000f2980000)
  to   space 31232K, 0% used [0x00000000f8c80000,0x00000000f8c80000,0x00000000fab00000)
 ParOldGen       total 135168K, used 43856K [0x00000000a0000000, 0x00000000a8400000, 0x00000000e0000000)
  object space 135168K, 32% used [0x00000000a0000000,0x00000000a2ad40d0,0x00000000a8400000)
 Metaspace       used 83925K, capacity 87300K, committed 87600K, reserved 1124352K
  class space    used 11017K, capacity 11740K, committed 11824K, reserved 1048576K
}
Event: 352.458 GC heap before
{Heap before GC invocations=17 (full 3):
 PSYoungGen      total 304640K, used 304630K [0x00000000e0000000, 0x00000000fab00000, 0x0000000100000000)
  eden space 282112K, 100% used [0x00000000e0000000,0x00000000f1380000,0x00000000f1380000)
  from space 22528K, 99% used [0x00000000f1380000,0x00000000f297dac8,0x00000000f2980000)
  to   space 31232K, 0% used [0x00000000f8c80000,0x00000000f8c80000,0x00000000fab00000)
 ParOldGen       total 135168K, used 43856K [0x00000000a0000000, 0x00000000a8400000, 0x00000000e0000000)
  object space 135168K, 32% used [0x00000000a0000000,0x00000000a2ad40d0,0x00000000a8400000)
 Metaspace       used 91272K, capacity 95060K, committed 95408K, reserved 1132544K
  class space    used 11824K, capacity 12610K, committed 12720K, reserved 1048576K
Event: 352.617 GC heap after
Heap after GC invocations=17 (full 3):
 PSYoungGen      total 400896K, used 15062K [0x00000000e0000000, 0x00000000fa780000, 0x0000000100000000)
  eden space 373248K, 0% used [0x00000000e0000000,0x00000000e0000000,0x00000000f6c80000)
  from space 27648K, 54% used [0x00000000f8c80000,0x00000000f9b35850,0x00000000fa780000)
  to   space 30208K, 0% used [0x00000000f6c80000,0x00000000f6c80000,0x00000000f8a00000)
 ParOldGen       total 135168K, used 58074K [0x00000000a0000000, 0x00000000a8400000, 0x00000000e0000000)
  object space 135168K, 42% used [0x00000000a0000000,0x00000000a38b6b90,0x00000000a8400000)
 Metaspace       used 91272K, capacity 95060K, committed 95408K, reserved 1132544K
  class space    used 11824K, capacity 12610K, committed 12720K, reserved 1048576K
}

