# JRE version: OpenJDK Runtime Environment (8.0_242-b01) (build 1.8.0_242-release-1644-b01)
# Java VM: OpenJDK 64-Bit Server VM (25.242-b01 mixed mode windows-amd64 compressed oops)
Heap:
 PSYoungGen      total 410112K, used 235975K [0x00000000e0000000, 0x0000000100000000, 0x0000000100000000)
  eden space 330752K, 47% used [0x00000000e0000000,0x00000000e98f58d8,0x00000000f4300000)
  from space 79360K, 99% used [0x00000000fa180000,0x00000000feefc500,0x00000000fef00000)
  to   space 96768K, 0% used [0x00000000f4300000,0x00000000f4300000,0x00000000fa180000)
 ParOldGen       total 224256K, used 134347K [0x00000000a0000000, 0x00000000adb00000, 0x00000000e0000000)
  object space 224256K, 59% used [0x00000000a0000000,0x00000000a8332f00,0x00000000adb00000)
 Metaspace       used 96230K, capacity 101962K, committed 102184K, reserved 1138688K
  class space    used 12270K, capacity 13256K, committed 13360K, reserved 1048576K
GC Heap History (10 events):
Event: 2263.530 GC heap before
{Heap before GC invocations=26 (full 4):
 PSYoungGen      total 344576K, used 344567K [0x00000000e0000000, 0x00000000fad00000, 0x0000000100000000)
  eden space 301568K, 100% used [0x00000000e0000000,0x00000000f2680000,0x00000000f2680000)
  from space 43008K, 99% used [0x00000000f2680000,0x00000000f507dd60,0x00000000f5080000)
  to   space 52736K, 0% used [0x00000000f7980000,0x00000000f7980000,0x00000000fad00000)
 ParOldGen       total 224256K, used 77407K [0x00000000a0000000, 0x00000000adb00000, 0x00000000e0000000)
  object space 224256K, 34% used [0x00000000a0000000,0x00000000a4b97ff0,0x00000000adb00000)
 Metaspace       used 95209K, capacity 100644K, committed 100776K, reserved 1136640K
  class space    used 12229K, capacity 13189K, committed 13232K, reserved 1048576K
Event: 2263.819 GC heap after
Heap after GC invocations=26 (full 4):
 PSYoungGen      total 369152K, used 52723K [0x00000000e0000000, 0x00000000fcb00000, 0x0000000100000000)
  eden space 316416K, 0% used [0x00000000e0000000,0x00000000e0000000,0x00000000f3500000)
  from space 52736K, 99% used [0x00000000f7980000,0x00000000facfcec8,0x00000000fad00000)
  to   space 70144K, 0% used [0x00000000f3500000,0x00000000f3500000,0x00000000f7980000)
 ParOldGen       total 224256K, used 101801K [0x00000000a0000000, 0x00000000adb00000, 0x00000000e0000000)
  object space 224256K, 45% used [0x00000000a0000000,0x00000000a636a620,0x00000000adb00000)
 Metaspace       used 95209K, capacity 100644K, committed 100776K, reserved 1136640K
  class space    used 12229K, capacity 13189K, committed 13232K, reserved 1048576K
}
Event: 2512.554 GC heap before
{Heap before GC invocations=27 (full 4):
 PSYoungGen      total 369152K, used 369139K [0x00000000e0000000, 0x00000000fcb00000, 0x0000000100000000)
  eden space 316416K, 100% used [0x00000000e0000000,0x00000000f3500000,0x00000000f3500000)
  from space 52736K, 99% used [0x00000000f7980000,0x00000000facfcec8,0x00000000fad00000)
  to   space 70144K, 0% used [0x00000000f3500000,0x00000000f3500000,0x00000000f7980000)
 ParOldGen       total 224256K, used 101801K [0x00000000a0000000, 0x00000000adb00000, 0x00000000e0000000)
  object space 224256K, 45% used [0x00000000a0000000,0x00000000a636a620,0x00000000adb00000)
 Metaspace       used 95570K, capacity 101264K, committed 101416K, reserved 1136640K
  class space    used 12263K, capacity 13249K, committed 13360K, reserved 1048576K
Event: 2512.787 GC heap after
Heap after GC invocations=27 (full 4):
 PSYoungGen      total 386560K, used 55647K [0x00000000e0000000, 0x00000000fe200000, 0x0000000100000000)
  eden space 316416K, 0% used [0x00000000e0000000,0x00000000e0000000,0x00000000f3500000)
  from space 70144K, 79% used [0x00000000f3500000,0x00000000f6b57e38,0x00000000f7980000)
  to   space 76288K, 0% used [0x00000000f9780000,0x00000000f9780000,0x00000000fe200000)
 ParOldGen       total 224256K, used 120213K [0x00000000a0000000, 0x00000000adb00000, 0x00000000e0000000)
  object space 224256K, 53% used [0x00000000a0000000,0x00000000a7565700,0x00000000adb00000)
 Metaspace       used 95570K, capacity 101264K, committed 101416K, reserved 1136640K
  class space    used 12263K, capacity 13249K, committed 13360K, reserved 1048576K
}
Event: 4577.146 GC heap before
{Heap before GC invocations=28 (full 4):
 PSYoungGen      total 386560K, used 372063K [0x00000000e0000000, 0x00000000fe200000, 0x0000000100000000)
  eden space 316416K, 100% used [0x00000000e0000000,0x00000000f3500000,0x00000000f3500000)
  from space 70144K, 79% used [0x00000000f3500000,0x00000000f6b57e38,0x00000000f7980000)
  to   space 76288K, 0% used [0x00000000f9780000,0x00000000f9780000,0x00000000fe200000)
 ParOldGen       total 224256K, used 120213K [0x00000000a0000000, 0x00000000adb00000, 0x00000000e0000000)
  object space 224256K, 53% used [0x00000000a0000000,0x00000000a7565700,0x00000000adb00000)
 Metaspace       used 95708K, capacity 101408K, committed 101672K, reserved 1138688K
  class space    used 12264K, capacity 13251K, committed 13360K, reserved 1048576K
Event: 4577.287 GC heap after
Heap after GC invocations=28 (full 4):
 PSYoungGen      total 412160K, used 49626K [0x00000000e0000000, 0x00000000fe300000, 0x0000000100000000)
  eden space 335872K, 0% used [0x00000000e0000000,0x00000000e0000000,0x00000000f4800000)
  from space 76288K, 65% used [0x00000000f9780000,0x00000000fc7f6ac0,0x00000000fe200000)
  to   space 79360K, 0% used [0x00000000f4800000,0x00000000f4800000,0x00000000f9580000)
 ParOldGen       total 224256K, used 120221K [0x00000000a0000000, 0x00000000adb00000, 0x00000000e0000000)
  object space 224256K, 53% used [0x00000000a0000000,0x00000000a7567700,0x00000000adb00000)
 Metaspace       used 95708K, capacity 101408K, committed 101672K, reserved 1138688K
  class space    used 12264K, capacity 13251K, committed 13360K, reserved 1048576K
}
Event: 4820.146 GC heap before
{Heap before GC invocations=29 (full 4):
 PSYoungGen      total 412160K, used 385498K [0x00000000e0000000, 0x00000000fe300000, 0x0000000100000000)
  eden space 335872K, 100% used [0x00000000e0000000,0x00000000f4800000,0x00000000f4800000)
  from space 76288K, 65% used [0x00000000f9780000,0x00000000fc7f6ac0,0x00000000fe200000)
  to   space 79360K, 0% used [0x00000000f4800000,0x00000000f4800000,0x00000000f9580000)
 ParOldGen       total 224256K, used 120221K [0x00000000a0000000, 0x00000000adb00000, 0x00000000e0000000)
  object space 224256K, 53% used [0x00000000a0000000,0x00000000a7567700,0x00000000adb00000)
 Metaspace       used 95923K, capacity 101680K, committed 101928K, reserved 1138688K
  class space    used 12267K, capacity 13253K, committed 13360K, reserved 1048576K
Event: 4820.309 GC heap after
Heap after GC invocations=29 (full 4):
 PSYoungGen      total 415232K, used 44917K [0x00000000e0000000, 0x00000000fef00000, 0x0000000100000000)
  eden space 335872K, 0% used [0x00000000e0000000,0x00000000e0000000,0x00000000f4800000)
  from space 79360K, 56% used [0x00000000f4800000,0x00000000f73dd798,0x00000000f9580000)
  to   space 79360K, 0% used [0x00000000fa180000,0x00000000fa180000,0x00000000fef00000)
 ParOldGen       total 224256K, used 120229K [0x00000000a0000000, 0x00000000adb00000, 0x00000000e0000000)
  object space 224256K, 53% used [0x00000000a0000000,0x00000000a7569700,0x00000000adb00000)
 Metaspace       used 95923K, capacity 101680K, committed 101928K, reserved 1138688K
  class space    used 12267K, capacity 13253K, committed 13360K, reserved 1048576K
}
Event: 4831.317 GC heap before
{Heap before GC invocations=30 (full 4):
 PSYoungGen      total 415232K, used 380789K [0x00000000e0000000, 0x00000000fef00000, 0x0000000100000000)
  eden space 335872K, 100% used [0x00000000e0000000,0x00000000f4800000,0x00000000f4800000)
  from space 79360K, 56% used [0x00000000f4800000,0x00000000f73dd798,0x00000000f9580000)
  to   space 79360K, 0% used [0x00000000fa180000,0x00000000fa180000,0x00000000fef00000)
 ParOldGen       total 224256K, used 120229K [0x00000000a0000000, 0x00000000adb00000, 0x00000000e0000000)
  object space 224256K, 53% used [0x00000000a0000000,0x00000000a7569700,0x00000000adb00000)
 Metaspace       used 96129K, capacity 101752K, committed 101928K, reserved 1138688K
  class space    used 12268K, capacity 13253K, committed 13360K, reserved 1048576K
Event: 4831.537 GC heap after
Heap after GC invocations=30 (full 4):
 PSYoungGen      total 410112K, used 79345K [0x00000000e0000000, 0x0000000100000000, 0x0000000100000000)
  eden space 330752K, 0% used [0x00000000e0000000,0x00000000e0000000,0x00000000f4300000)
  from space 79360K, 99% used [0x00000000fa180000,0x00000000feefc500,0x00000000fef00000)
  to   space 96768K, 0% used [0x00000000f4300000,0x00000000f4300000,0x00000000fa180000)
 ParOldGen       total 224256K, used 134347K [0x00000000a0000000, 0x00000000adb00000, 0x00000000e0000000)
  object space 224256K, 59% used [0x00000000a0000000,0x00000000a8332f00,0x00000000adb00000)
 Metaspace       used 96129K, capacity 101752K, committed 101928K, reserved 1138688K
  class space    used 12268K, capacity 13253K, committed 13360K, reserved 1048576K
}

