# JRE version: OpenJDK Runtime Environment (8.0_242-b01) (build 1.8.0_242-release-1644-b01)
# Java VM: OpenJDK 64-Bit Server VM (25.242-b01 mixed mode windows-amd64 compressed oops)
Heap:
 PSYoungGen      total 190976K, used 22760K [0x00000000e0000000, 0x00000000ed500000, 0x0000000100000000)
  eden space 174592K, 13% used [0x00000000e0000000,0x00000000e163a110,0x00000000eaa80000)
  from space 16384K, 0% used [0x00000000ebe80000,0x00000000ebe80000,0x00000000ece80000)
  to   space 20480K, 0% used [0x00000000eaa80000,0x00000000eaa80000,0x00000000ebe80000)
 ParOldGen       total 115200K, used 34437K [0x00000000a0000000, 0x00000000a7080000, 0x00000000e0000000)
  object space 115200K, 29% used [0x00000000a0000000,0x00000000a21a17d8,0x00000000a7080000)
 Metaspace       used 58055K, capacity 60068K, committed 60200K, reserved 1101824K
  class space    used 7980K, capacity 8433K, committed 8496K, reserved 1048576K
GC Heap History (10 events):
Event: 6.639 GC heap before
{Heap before GC invocations=9 (full 1):
 PSYoungGen      total 103424K, used 50310K [0x00000000e0000000, 0x00000000ea980000, 0x0000000100000000)
  eden space 91648K, 43% used [0x00000000e0000000,0x00000000e2715258,0x00000000e5980000)
  from space 11776K, 87% used [0x00000000e5980000,0x00000000e638c5b8,0x00000000e6500000)
  to   space 12800K, 0% used [0x00000000e9d00000,0x00000000e9d00000,0x00000000ea980000)
 ParOldGen       total 70656K, used 7654K [0x00000000a0000000, 0x00000000a4500000, 0x00000000e0000000)
  object space 70656K, 10% used [0x00000000a0000000,0x00000000a0779b38,0x00000000a4500000)
 Metaspace       used 34536K, capacity 35386K, committed 35496K, reserved 1079296K
  class space    used 4733K, capacity 4970K, committed 5040K, reserved 1048576K
Event: 6.654 GC heap after
Heap after GC invocations=9 (full 1):
 PSYoungGen      total 161280K, used 8434K [0x00000000e0000000, 0x00000000eb300000, 0x0000000100000000)
  eden space 148480K, 0% used [0x00000000e0000000,0x00000000e0000000,0x00000000e9100000)
  from space 12800K, 65% used [0x00000000e9d00000,0x00000000ea53cac0,0x00000000ea980000)
  to   space 12288K, 0% used [0x00000000e9100000,0x00000000e9100000,0x00000000e9d00000)
 ParOldGen       total 70656K, used 7662K [0x00000000a0000000, 0x00000000a4500000, 0x00000000e0000000)
  object space 70656K, 10% used [0x00000000a0000000,0x00000000a077bb38,0x00000000a4500000)
 Metaspace       used 34536K, capacity 35386K, committed 35496K, reserved 1079296K
  class space    used 4733K, capacity 4970K, committed 5040K, reserved 1048576K
}
Event: 6.654 GC heap before
{Heap before GC invocations=10 (full 2):
 PSYoungGen      total 161280K, used 8434K [0x00000000e0000000, 0x00000000eb300000, 0x0000000100000000)
  eden space 148480K, 0% used [0x00000000e0000000,0x00000000e0000000,0x00000000e9100000)
  from space 12800K, 65% used [0x00000000e9d00000,0x00000000ea53cac0,0x00000000ea980000)
  to   space 12288K, 0% used [0x00000000e9100000,0x00000000e9100000,0x00000000e9d00000)
 ParOldGen       total 70656K, used 7662K [0x00000000a0000000, 0x00000000a4500000, 0x00000000e0000000)
  object space 70656K, 10% used [0x00000000a0000000,0x00000000a077bb38,0x00000000a4500000)
 Metaspace       used 34536K, capacity 35386K, committed 35496K, reserved 1079296K
  class space    used 4733K, capacity 4970K, committed 5040K, reserved 1048576K
Event: 6.839 GC heap after
Heap after GC invocations=10 (full 2):
 PSYoungGen      total 161280K, used 0K [0x00000000e0000000, 0x00000000eb300000, 0x0000000100000000)
  eden space 148480K, 0% used [0x00000000e0000000,0x00000000e0000000,0x00000000e9100000)
  from space 12800K, 0% used [0x00000000e9d00000,0x00000000e9d00000,0x00000000ea980000)
  to   space 12288K, 0% used [0x00000000e9100000,0x00000000e9100000,0x00000000e9d00000)
 ParOldGen       total 115200K, used 14995K [0x00000000a0000000, 0x00000000a7080000, 0x00000000e0000000)
  object space 115200K, 13% used [0x00000000a0000000,0x00000000a0ea4ca8,0x00000000a7080000)
 Metaspace       used 34536K, capacity 35386K, committed 35496K, reserved 1079296K
  class space    used 4733K, capacity 4970K, committed 5040K, reserved 1048576K
}
Event: 9.599 GC heap before
{Heap before GC invocations=11 (full 2):
 PSYoungGen      total 161280K, used 148480K [0x00000000e0000000, 0x00000000eb300000, 0x0000000100000000)
  eden space 148480K, 100% used [0x00000000e0000000,0x00000000e9100000,0x00000000e9100000)
  from space 12800K, 0% used [0x00000000e9d00000,0x00000000e9d00000,0x00000000ea980000)
  to   space 12288K, 0% used [0x00000000e9100000,0x00000000e9100000,0x00000000e9d00000)
 ParOldGen       total 115200K, used 14995K [0x00000000a0000000, 0x00000000a7080000, 0x00000000e0000000)
  object space 115200K, 13% used [0x00000000a0000000,0x00000000a0ea4ca8,0x00000000a7080000)
 Metaspace       used 46594K, capacity 48046K, committed 48168K, reserved 1091584K
  class space    used 6289K, capacity 6647K, committed 6704K, reserved 1048576K
Event: 9.619 GC heap after
Heap after GC invocations=11 (full 2):
 PSYoungGen      total 160768K, used 12274K [0x00000000e0000000, 0x00000000ece80000, 0x0000000100000000)
  eden space 148480K, 0% used [0x00000000e0000000,0x00000000e0000000,0x00000000e9100000)
  from space 12288K, 99% used [0x00000000e9100000,0x00000000e9cfc9c0,0x00000000e9d00000)
  to   space 16384K, 0% used [0x00000000ebe80000,0x00000000ebe80000,0x00000000ece80000)
 ParOldGen       total 115200K, used 21023K [0x00000000a0000000, 0x00000000a7080000, 0x00000000e0000000)
  object space 115200K, 18% used [0x00000000a0000000,0x00000000a1487d48,0x00000000a7080000)
 Metaspace       used 46594K, capacity 48046K, committed 48168K, reserved 1091584K
  class space    used 6289K, capacity 6647K, committed 6704K, reserved 1048576K
}
Event: 12.045 GC heap before
{Heap before GC invocations=12 (full 2):
 PSYoungGen      total 160768K, used 137605K [0x00000000e0000000, 0x00000000ece80000, 0x0000000100000000)
  eden space 148480K, 84% used [0x00000000e0000000,0x00000000e7a64b68,0x00000000e9100000)
  from space 12288K, 99% used [0x00000000e9100000,0x00000000e9cfc9c0,0x00000000e9d00000)
  to   space 16384K, 0% used [0x00000000ebe80000,0x00000000ebe80000,0x00000000ece80000)
 ParOldGen       total 115200K, used 21023K [0x00000000a0000000, 0x00000000a7080000, 0x00000000e0000000)
  object space 115200K, 18% used [0x00000000a0000000,0x00000000a1487d48,0x00000000a7080000)
 Metaspace       used 57113K, capacity 59024K, committed 59160K, reserved 1099776K
  class space    used 7821K, capacity 8273K, committed 8368K, reserved 1048576K
Event: 12.084 GC heap after
Heap after GC invocations=12 (full 2):
 PSYoungGen      total 190976K, used 16380K [0x00000000e0000000, 0x00000000ed500000, 0x0000000100000000)
  eden space 174592K, 0% used [0x00000000e0000000,0x00000000e0000000,0x00000000eaa80000)
  from space 16384K, 99% used [0x00000000ebe80000,0x00000000ece7f288,0x00000000ece80000)
  to   space 20480K, 0% used [0x00000000eaa80000,0x00000000eaa80000,0x00000000ebe80000)
 ParOldGen       total 115200K, used 27256K [0x00000000a0000000, 0x00000000a7080000, 0x00000000e0000000)
  object space 115200K, 23% used [0x00000000a0000000,0x00000000a1a9e300,0x00000000a7080000)
 Metaspace       used 57113K, capacity 59024K, committed 59160K, reserved 1099776K
  class space    used 7821K, capacity 8273K, committed 8368K, reserved 1048576K
}
Event: 12.084 GC heap before
{Heap before GC invocations=13 (full 3):
 PSYoungGen      total 190976K, used 16380K [0x00000000e0000000, 0x00000000ed500000, 0x0000000100000000)
  eden space 174592K, 0% used [0x00000000e0000000,0x00000000e0000000,0x00000000eaa80000)
  from space 16384K, 99% used [0x00000000ebe80000,0x00000000ece7f288,0x00000000ece80000)
  to   space 20480K, 0% used [0x00000000eaa80000,0x00000000eaa80000,0x00000000ebe80000)
 ParOldGen       total 115200K, used 27256K [0x00000000a0000000, 0x00000000a7080000, 0x00000000e0000000)
  object space 115200K, 23% used [0x00000000a0000000,0x00000000a1a9e300,0x00000000a7080000)
 Metaspace       used 57113K, capacity 59024K, committed 59160K, reserved 1099776K
  class space    used 7821K, capacity 8273K, committed 8368K, reserved 1048576K
Event: 12.387 GC heap after
Heap after GC invocations=13 (full 3):
 PSYoungGen      total 190976K, used 0K [0x00000000e0000000, 0x00000000ed500000, 0x0000000100000000)
  eden space 174592K, 0% used [0x00000000e0000000,0x00000000e0000000,0x00000000eaa80000)
  from space 16384K, 0% used [0x00000000ebe80000,0x00000000ebe80000,0x00000000ece80000)
  to   space 20480K, 0% used [0x00000000eaa80000,0x00000000eaa80000,0x00000000ebe80000)
 ParOldGen       total 115200K, used 34437K [0x00000000a0000000, 0x00000000a7080000, 0x00000000e0000000)
  object space 115200K, 29% used [0x00000000a0000000,0x00000000a21a17d8,0x00000000a7080000)
 Metaspace       used 57110K, capacity 59012K, committed 59160K, reserved 1099776K
  class space    used 7820K, capacity 8271K, committed 8368K, reserved 1048576K
}

