# JRE version: OpenJDK Runtime Environment (8.0_242-b01) (build 1.8.0_242-release-1644-b01)
# Java VM: OpenJDK 64-Bit Server VM (25.242-b01 mixed mode windows-amd64 compressed oops)
Heap:
 PSYoungGen      total 87040K, used 60469K [0x00000000e0000000, 0x00000000e6180000, 0x0000000100000000)
  eden space 76288K, 79% used [0x00000000e0000000,0x00000000e3b0d650,0x00000000e4a80000)
  from space 10752K, 0% used [0x00000000e4a80000,0x00000000e4a80000,0x00000000e5500000)
  to   space 10752K, 0% used [0x00000000e5500000,0x00000000e5500000,0x00000000e5f80000)
 ParOldGen       total 72704K, used 14770K [0x00000000a0000000, 0x00000000a4700000, 0x00000000e0000000)
  object space 72704K, 20% used [0x00000000a0000000,0x00000000a0e6c980,0x00000000a4700000)
 Metaspace       used 38900K, capacity 40272K, committed 40616K, reserved 1083392K
  class space    used 5341K, capacity 5696K, committed 5808K, reserved 1048576K
GC Heap History (10 events):
Event: 5.103 GC heap before
{Heap before GC invocations=7 (full 1):
 PSYoungGen      total 57344K, used 49152K [0x00000000e0000000, 0x00000000e4000000, 0x0000000100000000)
  eden space 49152K, 100% used [0x00000000e0000000,0x00000000e3000000,0x00000000e3000000)
  from space 8192K, 0% used [0x00000000e3000000,0x00000000e3000000,0x00000000e3800000)
  to   space 8192K, 0% used [0x00000000e3800000,0x00000000e3800000,0x00000000e4000000)
 ParOldGen       total 72704K, used 7748K [0x00000000a0000000, 0x00000000a4700000, 0x00000000e0000000)
  object space 72704K, 10% used [0x00000000a0000000,0x00000000a07912d0,0x00000000a4700000)
 Metaspace       used 25102K, capacity 25768K, committed 26032K, reserved 1071104K
  class space    used 3517K, capacity 3742K, committed 3760K, reserved 1048576K
Event: 5.110 GC heap after
Heap after GC invocations=7 (full 1):
 PSYoungGen      total 53760K, used 5261K [0x00000000e0000000, 0x00000000e6900000, 0x0000000100000000)
  eden space 45568K, 0% used [0x00000000e0000000,0x00000000e0000000,0x00000000e2c80000)
  from space 8192K, 64% used [0x00000000e3800000,0x00000000e3d23730,0x00000000e4000000)
  to   space 11776K, 0% used [0x00000000e2c80000,0x00000000e2c80000,0x00000000e3800000)
 ParOldGen       total 72704K, used 7748K [0x00000000a0000000, 0x00000000a4700000, 0x00000000e0000000)
  object space 72704K, 10% used [0x00000000a0000000,0x00000000a07912d0,0x00000000a4700000)
 Metaspace       used 25102K, capacity 25768K, committed 26032K, reserved 1071104K
  class space    used 3517K, capacity 3742K, committed 3760K, reserved 1048576K
}
Event: 5.761 GC heap before
{Heap before GC invocations=8 (full 1):
 PSYoungGen      total 53760K, used 50829K [0x00000000e0000000, 0x00000000e6900000, 0x0000000100000000)
  eden space 45568K, 100% used [0x00000000e0000000,0x00000000e2c80000,0x00000000e2c80000)
  from space 8192K, 64% used [0x00000000e3800000,0x00000000e3d23730,0x00000000e4000000)
  to   space 11776K, 0% used [0x00000000e2c80000,0x00000000e2c80000,0x00000000e3800000)
 ParOldGen       total 72704K, used 7748K [0x00000000a0000000, 0x00000000a4700000, 0x00000000e0000000)
  object space 72704K, 10% used [0x00000000a0000000,0x00000000a07912d0,0x00000000a4700000)
 Metaspace       used 30942K, capacity 31644K, committed 31920K, reserved 1077248K
  class space    used 4192K, capacity 4403K, committed 4528K, reserved 1048576K
Event: 5.769 GC heap after
Heap after GC invocations=8 (full 1):
 PSYoungGen      total 57344K, used 7227K [0x00000000e0000000, 0x00000000e5f80000, 0x0000000100000000)
  eden space 45568K, 0% used [0x00000000e0000000,0x00000000e0000000,0x00000000e2c80000)
  from space 11776K, 61% used [0x00000000e2c80000,0x00000000e338eea0,0x00000000e3800000)
  to   space 10752K, 0% used [0x00000000e5500000,0x00000000e5500000,0x00000000e5f80000)
 ParOldGen       total 72704K, used 7756K [0x00000000a0000000, 0x00000000a4700000, 0x00000000e0000000)
  object space 72704K, 10% used [0x00000000a0000000,0x00000000a07932d0,0x00000000a4700000)
 Metaspace       used 30942K, capacity 31644K, committed 31920K, reserved 1077248K
  class space    used 4192K, capacity 4403K, committed 4528K, reserved 1048576K
}
Event: 6.268 GC heap before
{Heap before GC invocations=9 (full 1):
 PSYoungGen      total 57344K, used 52795K [0x00000000e0000000, 0x00000000e5f80000, 0x0000000100000000)
  eden space 45568K, 100% used [0x00000000e0000000,0x00000000e2c80000,0x00000000e2c80000)
  from space 11776K, 61% used [0x00000000e2c80000,0x00000000e338eea0,0x00000000e3800000)
  to   space 10752K, 0% used [0x00000000e5500000,0x00000000e5500000,0x00000000e5f80000)
 ParOldGen       total 72704K, used 7756K [0x00000000a0000000, 0x00000000a4700000, 0x00000000e0000000)
  object space 72704K, 10% used [0x00000000a0000000,0x00000000a07932d0,0x00000000a4700000)
 Metaspace       used 33016K, capacity 33752K, committed 33968K, reserved 1079296K
  class space    used 4508K, capacity 4711K, committed 4784K, reserved 1048576K
Event: 6.291 GC heap after
Heap after GC invocations=9 (full 1):
 PSYoungGen      total 87040K, used 7837K [0x00000000e0000000, 0x00000000e6180000, 0x0000000100000000)
  eden space 76288K, 0% used [0x00000000e0000000,0x00000000e0000000,0x00000000e4a80000)
  from space 10752K, 72% used [0x00000000e5500000,0x00000000e5ca7580,0x00000000e5f80000)
  to   space 10752K, 0% used [0x00000000e4a80000,0x00000000e4a80000,0x00000000e5500000)
 ParOldGen       total 72704K, used 7756K [0x00000000a0000000, 0x00000000a4700000, 0x00000000e0000000)
  object space 72704K, 10% used [0x00000000a0000000,0x00000000a07932d0,0x00000000a4700000)
 Metaspace       used 33016K, capacity 33752K, committed 33968K, reserved 1079296K
  class space    used 4508K, capacity 4711K, committed 4784K, reserved 1048576K
}
Event: 6.666 GC heap before
{Heap before GC invocations=10 (full 1):
 PSYoungGen      total 87040K, used 41091K [0x00000000e0000000, 0x00000000e6180000, 0x0000000100000000)
  eden space 76288K, 43% used [0x00000000e0000000,0x00000000e20799c0,0x00000000e4a80000)
  from space 10752K, 72% used [0x00000000e5500000,0x00000000e5ca7580,0x00000000e5f80000)
  to   space 10752K, 0% used [0x00000000e4a80000,0x00000000e4a80000,0x00000000e5500000)
 ParOldGen       total 72704K, used 7756K [0x00000000a0000000, 0x00000000a4700000, 0x00000000e0000000)
  object space 72704K, 10% used [0x00000000a0000000,0x00000000a07932d0,0x00000000a4700000)
 Metaspace       used 34609K, capacity 35442K, committed 35496K, reserved 1079296K
  class space    used 4738K, capacity 5006K, committed 5040K, reserved 1048576K
Event: 6.675 GC heap after
Heap after GC invocations=10 (full 1):
 PSYoungGen      total 87040K, used 6598K [0x00000000e0000000, 0x00000000e6180000, 0x0000000100000000)
  eden space 76288K, 0% used [0x00000000e0000000,0x00000000e0000000,0x00000000e4a80000)
  from space 10752K, 61% used [0x00000000e4a80000,0x00000000e50f1bf8,0x00000000e5500000)
  to   space 10752K, 0% used [0x00000000e5500000,0x00000000e5500000,0x00000000e5f80000)
 ParOldGen       total 72704K, used 9360K [0x00000000a0000000, 0x00000000a4700000, 0x00000000e0000000)
  object space 72704K, 12% used [0x00000000a0000000,0x00000000a09242d8,0x00000000a4700000)
 Metaspace       used 34609K, capacity 35442K, committed 35496K, reserved 1079296K
  class space    used 4738K, capacity 5006K, committed 5040K, reserved 1048576K
}
Event: 6.675 GC heap before
{Heap before GC invocations=11 (full 2):
 PSYoungGen      total 87040K, used 6598K [0x00000000e0000000, 0x00000000e6180000, 0x0000000100000000)
  eden space 76288K, 0% used [0x00000000e0000000,0x00000000e0000000,0x00000000e4a80000)
  from space 10752K, 61% used [0x00000000e4a80000,0x00000000e50f1bf8,0x00000000e5500000)
  to   space 10752K, 0% used [0x00000000e5500000,0x00000000e5500000,0x00000000e5f80000)
 ParOldGen       total 72704K, used 9360K [0x00000000a0000000, 0x00000000a4700000, 0x00000000e0000000)
  object space 72704K, 12% used [0x00000000a0000000,0x00000000a09242d8,0x00000000a4700000)
 Metaspace       used 34609K, capacity 35442K, committed 35496K, reserved 1079296K
  class space    used 4738K, capacity 5006K, committed 5040K, reserved 1048576K
Event: 6.799 GC heap after
Heap after GC invocations=11 (full 2):
 PSYoungGen      total 87040K, used 0K [0x00000000e0000000, 0x00000000e6180000, 0x0000000100000000)
  eden space 76288K, 0% used [0x00000000e0000000,0x00000000e0000000,0x00000000e4a80000)
  from space 10752K, 0% used [0x00000000e4a80000,0x00000000e4a80000,0x00000000e5500000)
  to   space 10752K, 0% used [0x00000000e5500000,0x00000000e5500000,0x00000000e5f80000)
 ParOldGen       total 72704K, used 14770K [0x00000000a0000000, 0x00000000a4700000, 0x00000000e0000000)
  object space 72704K, 20% used [0x00000000a0000000,0x00000000a0e6c980,0x00000000a4700000)
 Metaspace       used 34609K, capacity 35442K, committed 35496K, reserved 1079296K
  class space    used 4738K, capacity 5006K, committed 5040K, reserved 1048576K
}

